<?xml version="1.0" encoding="UTF-8"?>
<testsuite xmlns:xsi="http://www.w3.org/2001/XMLSchema-instance" xsi:noNamespaceSchemaLocation="https://maven.apache.org/surefire/maven-surefire-plugin/xsd/surefire-test-report-3.0.xsd" version="3.0" name="com.underpressure.backend.controllers.data.UpdateEntryControllerTests" time="2.206" tests="10" errors="0" skipped="0" failures="0">
  <properties>
    <property name="java.specification.version" value="21"/>
    <property name="sun.jnu.encoding" value="UTF-8"/>
    <property name="java.class.path" value="/home/stef/projects/under-pressure-backend/backend/target/test-classes:/home/stef/projects/under-pressure-backend/backend/target/classes:/home/stef/.m2/repository/org/postgresql/postgresql/42.6.0/postgresql-42.6.0.jar:/home/stef/.m2/repository/org/checkerframework/checker-qual/3.31.0/checker-qual-3.31.0.jar:/home/stef/.m2/repository/org/springframework/boot/spring-boot-starter-jdbc/3.2.2/spring-boot-starter-jdbc-3.2.2.jar:/home/stef/.m2/repository/org/springframework/boot/spring-boot-starter/3.2.2/spring-boot-starter-3.2.2.jar:/home/stef/.m2/repository/org/springframework/boot/spring-boot/3.2.2/spring-boot-3.2.2.jar:/home/stef/.m2/repository/org/springframework/boot/spring-boot-autoconfigure/3.2.2/spring-boot-autoconfigure-3.2.2.jar:/home/stef/.m2/repository/org/springframework/boot/spring-boot-starter-logging/3.2.2/spring-boot-starter-logging-3.2.2.jar:/home/stef/.m2/repository/ch/qos/logback/logback-classic/1.4.14/logback-classic-1.4.14.jar:/home/stef/.m2/repository/ch/qos/logback/logback-core/1.4.14/logback-core-1.4.14.jar:/home/stef/.m2/repository/org/apache/logging/log4j/log4j-to-slf4j/2.21.1/log4j-to-slf4j-2.21.1.jar:/home/stef/.m2/repository/org/apache/logging/log4j/log4j-api/2.21.1/log4j-api-2.21.1.jar:/home/stef/.m2/repository/org/slf4j/jul-to-slf4j/2.0.11/jul-to-slf4j-2.0.11.jar:/home/stef/.m2/repository/jakarta/annotation/jakarta.annotation-api/2.1.1/jakarta.annotation-api-2.1.1.jar:/home/stef/.m2/repository/org/yaml/snakeyaml/2.2/snakeyaml-2.2.jar:/home/stef/.m2/repository/com/zaxxer/HikariCP/5.0.1/HikariCP-5.0.1.jar:/home/stef/.m2/repository/org/slf4j/slf4j-api/2.0.11/slf4j-api-2.0.11.jar:/home/stef/.m2/repository/org/springframework/spring-jdbc/6.1.3/spring-jdbc-6.1.3.jar:/home/stef/.m2/repository/org/springframework/spring-beans/6.1.3/spring-beans-6.1.3.jar:/home/stef/.m2/repository/org/springframework/spring-tx/6.1.3/spring-tx-6.1.3.jar:/home/stef/.m2/repository/org/springframework/boot/spring-boot-starter-web/3.2.2/spring-boot-starter-web-3.2.2.jar:/home/stef/.m2/repository/org/springframework/boot/spring-boot-starter-json/3.2.2/spring-boot-starter-json-3.2.2.jar:/home/stef/.m2/repository/com/fasterxml/jackson/core/jackson-databind/2.15.3/jackson-databind-2.15.3.jar:/home/stef/.m2/repository/com/fasterxml/jackson/core/jackson-annotations/2.15.3/jackson-annotations-2.15.3.jar:/home/stef/.m2/repository/com/fasterxml/jackson/core/jackson-core/2.15.3/jackson-core-2.15.3.jar:/home/stef/.m2/repository/com/fasterxml/jackson/datatype/jackson-datatype-jdk8/2.15.3/jackson-datatype-jdk8-2.15.3.jar:/home/stef/.m2/repository/com/fasterxml/jackson/datatype/jackson-datatype-jsr310/2.15.3/jackson-datatype-jsr310-2.15.3.jar:/home/stef/.m2/repository/com/fasterxml/jackson/module/jackson-module-parameter-names/2.15.3/jackson-module-parameter-names-2.15.3.jar:/home/stef/.m2/repository/org/springframework/boot/spring-boot-starter-tomcat/3.2.2/spring-boot-starter-tomcat-3.2.2.jar:/home/stef/.m2/repository/org/apache/tomcat/embed/tomcat-embed-core/10.1.18/tomcat-embed-core-10.1.18.jar:/home/stef/.m2/repository/org/apache/tomcat/embed/tomcat-embed-el/10.1.18/tomcat-embed-el-10.1.18.jar:/home/stef/.m2/repository/org/apache/tomcat/embed/tomcat-embed-websocket/10.1.18/tomcat-embed-websocket-10.1.18.jar:/home/stef/.m2/repository/org/springframework/spring-web/6.1.3/spring-web-6.1.3.jar:/home/stef/.m2/repository/io/micrometer/micrometer-observation/1.12.2/micrometer-observation-1.12.2.jar:/home/stef/.m2/repository/io/micrometer/micrometer-commons/1.12.2/micrometer-commons-1.12.2.jar:/home/stef/.m2/repository/org/springframework/spring-webmvc/6.1.3/spring-webmvc-6.1.3.jar:/home/stef/.m2/repository/org/springframework/spring-aop/6.1.3/spring-aop-6.1.3.jar:/home/stef/.m2/repository/org/springframework/spring-context/6.1.3/spring-context-6.1.3.jar:/home/stef/.m2/repository/org/springframework/spring-expression/6.1.3/spring-expression-6.1.3.jar:/home/stef/.m2/repository/com/google/api-client/google-api-client/1.35.0/google-api-client-1.35.0.jar:/home/stef/.m2/repository/com/google/http-client/google-http-client-gson/1.41.8/google-http-client-gson-1.41.8.jar:/home/stef/.m2/repository/com/google/code/gson/gson/2.10.1/gson-2.10.1.jar:/home/stef/.m2/repository/com/google/guava/guava/31.1-jre/guava-31.1-jre.jar:/home/stef/.m2/repository/com/google/guava/failureaccess/1.0.1/failureaccess-1.0.1.jar:/home/stef/.m2/repository/com/google/guava/listenablefuture/9999.0-empty-to-avoid-conflict-with-guava/listenablefuture-9999.0-empty-to-avoid-conflict-with-guava.jar:/home/stef/.m2/repository/com/google/code/findbugs/jsr305/3.0.2/jsr305-3.0.2.jar:/home/stef/.m2/repository/com/google/errorprone/error_prone_annotations/2.11.0/error_prone_annotations-2.11.0.jar:/home/stef/.m2/repository/com/google/j2objc/j2objc-annotations/1.3/j2objc-annotations-1.3.jar:/home/stef/.m2/repository/com/google/http-client/google-http-client-apache-v2/1.41.8/google-http-client-apache-v2-1.41.8.jar:/home/stef/.m2/repository/org/apache/httpcomponents/httpcore/4.4.16/httpcore-4.4.16.jar:/home/stef/.m2/repository/org/apache/httpcomponents/httpclient/4.5.13/httpclient-4.5.13.jar:/home/stef/.m2/repository/commons-codec/commons-codec/1.16.0/commons-codec-1.16.0.jar:/home/stef/.m2/repository/com/google/http-client/google-http-client/1.41.8/google-http-client-1.41.8.jar:/home/stef/.m2/repository/io/opencensus/opencensus-api/0.31.0/opencensus-api-0.31.0.jar:/home/stef/.m2/repository/io/grpc/grpc-context/1.27.2/grpc-context-1.27.2.jar:/home/stef/.m2/repository/io/opencensus/opencensus-contrib-http-util/0.31.0/opencensus-contrib-http-util-0.31.0.jar:/home/stef/.m2/repository/com/google/oauth-client/google-oauth-client/1.35.0/google-oauth-client-1.35.0.jar:/home/stef/.m2/repository/org/springframework/boot/spring-boot-starter-test/3.2.2/spring-boot-starter-test-3.2.2.jar:/home/stef/.m2/repository/org/springframework/boot/spring-boot-test/3.2.2/spring-boot-test-3.2.2.jar:/home/stef/.m2/repository/org/springframework/boot/spring-boot-test-autoconfigure/3.2.2/spring-boot-test-autoconfigure-3.2.2.jar:/home/stef/.m2/repository/com/jayway/jsonpath/json-path/2.8.0/json-path-2.8.0.jar:/home/stef/.m2/repository/jakarta/xml/bind/jakarta.xml.bind-api/4.0.1/jakarta.xml.bind-api-4.0.1.jar:/home/stef/.m2/repository/jakarta/activation/jakarta.activation-api/2.1.2/jakarta.activation-api-2.1.2.jar:/home/stef/.m2/repository/net/minidev/json-smart/2.5.0/json-smart-2.5.0.jar:/home/stef/.m2/repository/net/minidev/accessors-smart/2.5.0/accessors-smart-2.5.0.jar:/home/stef/.m2/repository/org/ow2/asm/asm/9.3/asm-9.3.jar:/home/stef/.m2/repository/org/assertj/assertj-core/3.24.2/assertj-core-3.24.2.jar:/home/stef/.m2/repository/net/bytebuddy/byte-buddy/1.14.11/byte-buddy-1.14.11.jar:/home/stef/.m2/repository/org/awaitility/awaitility/4.2.0/awaitility-4.2.0.jar:/home/stef/.m2/repository/org/hamcrest/hamcrest/2.2/hamcrest-2.2.jar:/home/stef/.m2/repository/org/junit/jupiter/junit-jupiter/5.10.1/junit-jupiter-5.10.1.jar:/home/stef/.m2/repository/org/junit/jupiter/junit-jupiter-api/5.10.1/junit-jupiter-api-5.10.1.jar:/home/stef/.m2/repository/org/opentest4j/opentest4j/1.3.0/opentest4j-1.3.0.jar:/home/stef/.m2/repository/org/junit/platform/junit-platform-commons/1.10.1/junit-platform-commons-1.10.1.jar:/home/stef/.m2/repository/org/apiguardian/apiguardian-api/1.1.2/apiguardian-api-1.1.2.jar:/home/stef/.m2/repository/org/junit/jupiter/junit-jupiter-params/5.10.1/junit-jupiter-params-5.10.1.jar:/home/stef/.m2/repository/org/junit/jupiter/junit-jupiter-engine/5.10.1/junit-jupiter-engine-5.10.1.jar:/home/stef/.m2/repository/org/junit/platform/junit-platform-engine/1.10.1/junit-platform-engine-1.10.1.jar:/home/stef/.m2/repository/org/mockito/mockito-core/5.7.0/mockito-core-5.7.0.jar:/home/stef/.m2/repository/net/bytebuddy/byte-buddy-agent/1.14.11/byte-buddy-agent-1.14.11.jar:/home/stef/.m2/repository/org/objenesis/objenesis/3.3/objenesis-3.3.jar:/home/stef/.m2/repository/org/mockito/mockito-junit-jupiter/5.7.0/mockito-junit-jupiter-5.7.0.jar:/home/stef/.m2/repository/org/skyscreamer/jsonassert/1.5.1/jsonassert-1.5.1.jar:/home/stef/.m2/repository/com/vaadin/external/google/android-json/0.0.20131108.vaadin1/android-json-0.0.20131108.vaadin1.jar:/home/stef/.m2/repository/org/springframework/spring-core/6.1.3/spring-core-6.1.3.jar:/home/stef/.m2/repository/org/springframework/spring-jcl/6.1.3/spring-jcl-6.1.3.jar:/home/stef/.m2/repository/org/springframework/spring-test/6.1.3/spring-test-6.1.3.jar:/home/stef/.m2/repository/org/xmlunit/xmlunit-core/2.9.1/xmlunit-core-2.9.1.jar:/home/stef/.m2/repository/com/h2database/h2/2.2.224/h2-2.2.224.jar:"/>
    <property name="java.vm.vendor" value="Oracle Corporation"/>
    <property name="sun.arch.data.model" value="64"/>
    <property name="java.vendor.url" value="https://openjdk.org/"/>
    <property name="user.timezone" value="Europe/Tallinn"/>
    <property name="os.name" value="Linux"/>
    <property name="java.vm.specification.version" value="21"/>
    <property name="sun.java.launcher" value="SUN_STANDARD"/>
    <property name="user.country" value="US"/>
    <property name="sun.boot.library.path" value="/usr/lib/jvm/java-21-openjdk/lib"/>
    <property name="sun.java.command" value="/home/stef/projects/under-pressure-backend/backend/target/surefire/surefirebooter-20240208173033463_3.jar /home/stef/projects/under-pressure-backend/backend/target/surefire 2024-02-08T17-30-33_376-jvmRun1 surefire-20240208173033463_1tmp surefire_0-20240208173033463_2tmp"/>
    <property name="jdk.debug" value="release"/>
    <property name="surefire.test.class.path" value="/home/stef/projects/under-pressure-backend/backend/target/test-classes:/home/stef/projects/under-pressure-backend/backend/target/classes:/home/stef/.m2/repository/org/postgresql/postgresql/42.6.0/postgresql-42.6.0.jar:/home/stef/.m2/repository/org/checkerframework/checker-qual/3.31.0/checker-qual-3.31.0.jar:/home/stef/.m2/repository/org/springframework/boot/spring-boot-starter-jdbc/3.2.2/spring-boot-starter-jdbc-3.2.2.jar:/home/stef/.m2/repository/org/springframework/boot/spring-boot-starter/3.2.2/spring-boot-starter-3.2.2.jar:/home/stef/.m2/repository/org/springframework/boot/spring-boot/3.2.2/spring-boot-3.2.2.jar:/home/stef/.m2/repository/org/springframework/boot/spring-boot-autoconfigure/3.2.2/spring-boot-autoconfigure-3.2.2.jar:/home/stef/.m2/repository/org/springframework/boot/spring-boot-starter-logging/3.2.2/spring-boot-starter-logging-3.2.2.jar:/home/stef/.m2/repository/ch/qos/logback/logback-classic/1.4.14/logback-classic-1.4.14.jar:/home/stef/.m2/repository/ch/qos/logback/logback-core/1.4.14/logback-core-1.4.14.jar:/home/stef/.m2/repository/org/apache/logging/log4j/log4j-to-slf4j/2.21.1/log4j-to-slf4j-2.21.1.jar:/home/stef/.m2/repository/org/apache/logging/log4j/log4j-api/2.21.1/log4j-api-2.21.1.jar:/home/stef/.m2/repository/org/slf4j/jul-to-slf4j/2.0.11/jul-to-slf4j-2.0.11.jar:/home/stef/.m2/repository/jakarta/annotation/jakarta.annotation-api/2.1.1/jakarta.annotation-api-2.1.1.jar:/home/stef/.m2/repository/org/yaml/snakeyaml/2.2/snakeyaml-2.2.jar:/home/stef/.m2/repository/com/zaxxer/HikariCP/5.0.1/HikariCP-5.0.1.jar:/home/stef/.m2/repository/org/slf4j/slf4j-api/2.0.11/slf4j-api-2.0.11.jar:/home/stef/.m2/repository/org/springframework/spring-jdbc/6.1.3/spring-jdbc-6.1.3.jar:/home/stef/.m2/repository/org/springframework/spring-beans/6.1.3/spring-beans-6.1.3.jar:/home/stef/.m2/repository/org/springframework/spring-tx/6.1.3/spring-tx-6.1.3.jar:/home/stef/.m2/repository/org/springframework/boot/spring-boot-starter-web/3.2.2/spring-boot-starter-web-3.2.2.jar:/home/stef/.m2/repository/org/springframework/boot/spring-boot-starter-json/3.2.2/spring-boot-starter-json-3.2.2.jar:/home/stef/.m2/repository/com/fasterxml/jackson/core/jackson-databind/2.15.3/jackson-databind-2.15.3.jar:/home/stef/.m2/repository/com/fasterxml/jackson/core/jackson-annotations/2.15.3/jackson-annotations-2.15.3.jar:/home/stef/.m2/repository/com/fasterxml/jackson/core/jackson-core/2.15.3/jackson-core-2.15.3.jar:/home/stef/.m2/repository/com/fasterxml/jackson/datatype/jackson-datatype-jdk8/2.15.3/jackson-datatype-jdk8-2.15.3.jar:/home/stef/.m2/repository/com/fasterxml/jackson/datatype/jackson-datatype-jsr310/2.15.3/jackson-datatype-jsr310-2.15.3.jar:/home/stef/.m2/repository/com/fasterxml/jackson/module/jackson-module-parameter-names/2.15.3/jackson-module-parameter-names-2.15.3.jar:/home/stef/.m2/repository/org/springframework/boot/spring-boot-starter-tomcat/3.2.2/spring-boot-starter-tomcat-3.2.2.jar:/home/stef/.m2/repository/org/apache/tomcat/embed/tomcat-embed-core/10.1.18/tomcat-embed-core-10.1.18.jar:/home/stef/.m2/repository/org/apache/tomcat/embed/tomcat-embed-el/10.1.18/tomcat-embed-el-10.1.18.jar:/home/stef/.m2/repository/org/apache/tomcat/embed/tomcat-embed-websocket/10.1.18/tomcat-embed-websocket-10.1.18.jar:/home/stef/.m2/repository/org/springframework/spring-web/6.1.3/spring-web-6.1.3.jar:/home/stef/.m2/repository/io/micrometer/micrometer-observation/1.12.2/micrometer-observation-1.12.2.jar:/home/stef/.m2/repository/io/micrometer/micrometer-commons/1.12.2/micrometer-commons-1.12.2.jar:/home/stef/.m2/repository/org/springframework/spring-webmvc/6.1.3/spring-webmvc-6.1.3.jar:/home/stef/.m2/repository/org/springframework/spring-aop/6.1.3/spring-aop-6.1.3.jar:/home/stef/.m2/repository/org/springframework/spring-context/6.1.3/spring-context-6.1.3.jar:/home/stef/.m2/repository/org/springframework/spring-expression/6.1.3/spring-expression-6.1.3.jar:/home/stef/.m2/repository/com/google/api-client/google-api-client/1.35.0/google-api-client-1.35.0.jar:/home/stef/.m2/repository/com/google/http-client/google-http-client-gson/1.41.8/google-http-client-gson-1.41.8.jar:/home/stef/.m2/repository/com/google/code/gson/gson/2.10.1/gson-2.10.1.jar:/home/stef/.m2/repository/com/google/guava/guava/31.1-jre/guava-31.1-jre.jar:/home/stef/.m2/repository/com/google/guava/failureaccess/1.0.1/failureaccess-1.0.1.jar:/home/stef/.m2/repository/com/google/guava/listenablefuture/9999.0-empty-to-avoid-conflict-with-guava/listenablefuture-9999.0-empty-to-avoid-conflict-with-guava.jar:/home/stef/.m2/repository/com/google/code/findbugs/jsr305/3.0.2/jsr305-3.0.2.jar:/home/stef/.m2/repository/com/google/errorprone/error_prone_annotations/2.11.0/error_prone_annotations-2.11.0.jar:/home/stef/.m2/repository/com/google/j2objc/j2objc-annotations/1.3/j2objc-annotations-1.3.jar:/home/stef/.m2/repository/com/google/http-client/google-http-client-apache-v2/1.41.8/google-http-client-apache-v2-1.41.8.jar:/home/stef/.m2/repository/org/apache/httpcomponents/httpcore/4.4.16/httpcore-4.4.16.jar:/home/stef/.m2/repository/org/apache/httpcomponents/httpclient/4.5.13/httpclient-4.5.13.jar:/home/stef/.m2/repository/commons-codec/commons-codec/1.16.0/commons-codec-1.16.0.jar:/home/stef/.m2/repository/com/google/http-client/google-http-client/1.41.8/google-http-client-1.41.8.jar:/home/stef/.m2/repository/io/opencensus/opencensus-api/0.31.0/opencensus-api-0.31.0.jar:/home/stef/.m2/repository/io/grpc/grpc-context/1.27.2/grpc-context-1.27.2.jar:/home/stef/.m2/repository/io/opencensus/opencensus-contrib-http-util/0.31.0/opencensus-contrib-http-util-0.31.0.jar:/home/stef/.m2/repository/com/google/oauth-client/google-oauth-client/1.35.0/google-oauth-client-1.35.0.jar:/home/stef/.m2/repository/org/springframework/boot/spring-boot-starter-test/3.2.2/spring-boot-starter-test-3.2.2.jar:/home/stef/.m2/repository/org/springframework/boot/spring-boot-test/3.2.2/spring-boot-test-3.2.2.jar:/home/stef/.m2/repository/org/springframework/boot/spring-boot-test-autoconfigure/3.2.2/spring-boot-test-autoconfigure-3.2.2.jar:/home/stef/.m2/repository/com/jayway/jsonpath/json-path/2.8.0/json-path-2.8.0.jar:/home/stef/.m2/repository/jakarta/xml/bind/jakarta.xml.bind-api/4.0.1/jakarta.xml.bind-api-4.0.1.jar:/home/stef/.m2/repository/jakarta/activation/jakarta.activation-api/2.1.2/jakarta.activation-api-2.1.2.jar:/home/stef/.m2/repository/net/minidev/json-smart/2.5.0/json-smart-2.5.0.jar:/home/stef/.m2/repository/net/minidev/accessors-smart/2.5.0/accessors-smart-2.5.0.jar:/home/stef/.m2/repository/org/ow2/asm/asm/9.3/asm-9.3.jar:/home/stef/.m2/repository/org/assertj/assertj-core/3.24.2/assertj-core-3.24.2.jar:/home/stef/.m2/repository/net/bytebuddy/byte-buddy/1.14.11/byte-buddy-1.14.11.jar:/home/stef/.m2/repository/org/awaitility/awaitility/4.2.0/awaitility-4.2.0.jar:/home/stef/.m2/repository/org/hamcrest/hamcrest/2.2/hamcrest-2.2.jar:/home/stef/.m2/repository/org/junit/jupiter/junit-jupiter/5.10.1/junit-jupiter-5.10.1.jar:/home/stef/.m2/repository/org/junit/jupiter/junit-jupiter-api/5.10.1/junit-jupiter-api-5.10.1.jar:/home/stef/.m2/repository/org/opentest4j/opentest4j/1.3.0/opentest4j-1.3.0.jar:/home/stef/.m2/repository/org/junit/platform/junit-platform-commons/1.10.1/junit-platform-commons-1.10.1.jar:/home/stef/.m2/repository/org/apiguardian/apiguardian-api/1.1.2/apiguardian-api-1.1.2.jar:/home/stef/.m2/repository/org/junit/jupiter/junit-jupiter-params/5.10.1/junit-jupiter-params-5.10.1.jar:/home/stef/.m2/repository/org/junit/jupiter/junit-jupiter-engine/5.10.1/junit-jupiter-engine-5.10.1.jar:/home/stef/.m2/repository/org/junit/platform/junit-platform-engine/1.10.1/junit-platform-engine-1.10.1.jar:/home/stef/.m2/repository/org/mockito/mockito-core/5.7.0/mockito-core-5.7.0.jar:/home/stef/.m2/repository/net/bytebuddy/byte-buddy-agent/1.14.11/byte-buddy-agent-1.14.11.jar:/home/stef/.m2/repository/org/objenesis/objenesis/3.3/objenesis-3.3.jar:/home/stef/.m2/repository/org/mockito/mockito-junit-jupiter/5.7.0/mockito-junit-jupiter-5.7.0.jar:/home/stef/.m2/repository/org/skyscreamer/jsonassert/1.5.1/jsonassert-1.5.1.jar:/home/stef/.m2/repository/com/vaadin/external/google/android-json/0.0.20131108.vaadin1/android-json-0.0.20131108.vaadin1.jar:/home/stef/.m2/repository/org/springframework/spring-core/6.1.3/spring-core-6.1.3.jar:/home/stef/.m2/repository/org/springframework/spring-jcl/6.1.3/spring-jcl-6.1.3.jar:/home/stef/.m2/repository/org/springframework/spring-test/6.1.3/spring-test-6.1.3.jar:/home/stef/.m2/repository/org/xmlunit/xmlunit-core/2.9.1/xmlunit-core-2.9.1.jar:/home/stef/.m2/repository/com/h2database/h2/2.2.224/h2-2.2.224.jar:"/>
    <property name="sun.cpu.endian" value="little"/>
    <property name="user.home" value="/home/stef"/>
    <property name="user.language" value="en"/>
    <property name="java.specification.vendor" value="Oracle Corporation"/>
    <property name="java.version.date" value="2024-01-16"/>
    <property name="java.home" value="/usr/lib/jvm/java-21-openjdk"/>
    <property name="file.separator" value="/"/>
    <property name="basedir" value="/home/stef/projects/under-pressure-backend/backend"/>
    <property name="java.vm.compressedOopsMode" value="32-bit"/>
    <property name="line.separator" value="&#10;"/>
    <property name="java.vm.specification.vendor" value="Oracle Corporation"/>
    <property name="java.specification.name" value="Java Platform API Specification"/>
    <property name="FILE_LOG_CHARSET" value="UTF-8"/>
    <property name="java.awt.headless" value="true"/>
    <property name="surefire.real.class.path" value="/home/stef/projects/under-pressure-backend/backend/target/surefire/surefirebooter-20240208173033463_3.jar"/>
    <property name="sun.management.compiler" value="HotSpot 64-Bit Tiered Compilers"/>
    <property name="java.runtime.version" value="21.0.2+13"/>
    <property name="user.name" value="stef"/>
    <property name="stdout.encoding" value="UTF-8"/>
    <property name="path.separator" value=":"/>
    <property name="os.version" value="6.7.0-arch3-1"/>
    <property name="java.runtime.name" value="OpenJDK Runtime Environment"/>
    <property name="file.encoding" value="UTF-8"/>
    <property name="java.vm.name" value="OpenJDK 64-Bit Server VM"/>
    <property name="localRepository" value="/home/stef/.m2/repository"/>
    <property name="java.vendor.url.bug" value="https://bugreport.java.com/bugreport/"/>
    <property name="java.io.tmpdir" value="/tmp"/>
    <property name="java.version" value="21.0.2"/>
    <property name="user.dir" value="/home/stef/projects/under-pressure-backend/backend"/>
    <property name="os.arch" value="amd64"/>
    <property name="java.vm.specification.name" value="Java Virtual Machine Specification"/>
    <property name="PID" value="278561"/>
    <property name="CONSOLE_LOG_CHARSET" value="UTF-8"/>
    <property name="native.encoding" value="UTF-8"/>
    <property name="java.library.path" value="/usr/java/packages/lib:/usr/lib64:/lib64:/lib:/usr/lib"/>
    <property name="java.vm.info" value="mixed mode, sharing"/>
    <property name="stderr.encoding" value="UTF-8"/>
    <property name="java.vendor" value="N/A"/>
    <property name="java.vm.version" value="21.0.2+13"/>
    <property name="sun.io.unicode.encoding" value="UnicodeLittle"/>
    <property name="java.class.version" value="65.0"/>
  </properties>
  <testcase name="Should_Update_Entry_When_Request_Valid" classname="com.underpressure.backend.controllers.data.UpdateEntryControllerTests" time="0.161">
    <system-out><![CDATA[2024-02-08T17:30:38.859+02:00  INFO 278561 --- [           main] t.c.s.AnnotationConfigContextLoaderUtils : Could not detect default configuration classes for test class [com.underpressure.backend.controllers.data.UpdateEntryControllerTests]: UpdateEntryControllerTests does not declare any static, non-private, non-final, nested classes annotated with @Configuration.
2024-02-08T17:30:38.877+02:00  INFO 278561 --- [           main] .b.t.c.SpringBootTestContextBootstrapper : Found @SpringBootConfiguration com.underpressure.backend.BackendApplication for test class com.underpressure.backend.controllers.data.UpdateEntryControllerTests

  .   ____          _            __ _ _
 /\\ / ___'_ __ _ _(_)_ __  __ _ \ \ \ \
( ( )\___ | '_ | '_| | '_ \/ _` | \ \ \ \
 \\/  ___)| |_)| | | | | || (_| |  ) ) ) )
  '  |____| .__|_| |_|_| |_\__, | / / / /
 =========|_|==============|___/=/_/_/_/
 :: Spring Boot ::                (v3.2.2)

2024-02-08T17:30:38.902+02:00  INFO 278561 --- [           main] c.u.b.c.data.UpdateEntryControllerTests  : Starting UpdateEntryControllerTests using Java 21.0.2 with PID 278561 (started by stef in /home/stef/projects/under-pressure-backend/backend)
2024-02-08T17:30:38.903+02:00  INFO 278561 --- [           main] c.u.b.c.data.UpdateEntryControllerTests  : The following 1 profile is active: "dev"
2024-02-08T17:30:39.011+02:00  INFO 278561 --- [           main] beddedDataSourceBeanFactoryPostProcessor : Replacing 'dataSource' DataSource bean with embedded version
2024-02-08T17:30:39.050+02:00  INFO 278561 --- [           main] o.s.j.d.e.EmbeddedDatabaseFactory        : Starting embedded database: url='jdbc:h2:mem:c5853239-44c7-4d73-b39a-18e215e2fc1b;DB_CLOSE_DELAY=-1;DB_CLOSE_ON_EXIT=false', username='sa'
2024-02-08T17:30:39.254+02:00  INFO 278561 --- [           main] c.u.b.c.data.UpdateEntryControllerTests  : Started UpdateEntryControllerTests in 0.373 seconds (process running for 5.708)
]]></system-out>
  </testcase>
  <testcase name="Should_Result_In_Not_Found_Exception_When_Stress_Level_Out_Of_Range" classname="com.underpressure.backend.controllers.data.UpdateEntryControllerTests" time="0.022">
    <system-out><![CDATA[
  .   ____          _            __ _ _
 /\\ / ___'_ __ _ _(_)_ __  __ _ \ \ \ \
( ( )\___ | '_ | '_| | '_ \/ _` | \ \ \ \
 \\/  ___)| |_)| | | | | || (_| |  ) ) ) )
  '  |____| .__|_| |_|_| |_\__, | / / / /
 =========|_|==============|___/=/_/_/_/
 :: Spring Boot ::                (v3.2.2)

2024-02-08T17:30:39.438+02:00  INFO 278561 --- [           main] c.u.b.c.data.UpdateEntryControllerTests  : Starting UpdateEntryControllerTests using Java 21.0.2 with PID 278561 (started by stef in /home/stef/projects/under-pressure-backend/backend)
2024-02-08T17:30:39.438+02:00  INFO 278561 --- [           main] c.u.b.c.data.UpdateEntryControllerTests  : The following 1 profile is active: "dev"
2024-02-08T17:30:39.503+02:00  INFO 278561 --- [           main] beddedDataSourceBeanFactoryPostProcessor : Replacing 'dataSource' DataSource bean with embedded version
2024-02-08T17:30:39.512+02:00  INFO 278561 --- [           main] o.s.j.d.e.EmbeddedDatabaseFactory        : Starting embedded database: url='jdbc:h2:mem:912c4c0d-8f97-45e9-8652-1f891538c68c;DB_CLOSE_DELAY=-1;DB_CLOSE_ON_EXIT=false', username='sa'
2024-02-08T17:30:39.534+02:00  INFO 278561 --- [           main] c.u.b.c.data.UpdateEntryControllerTests  : Started UpdateEntryControllerTests in 0.112 seconds (process running for 5.988)
]]></system-out>
  </testcase>
  <testcase name="Should_Result_In_Bad_REQUEST_When_StressLevel_Null" classname="com.underpressure.backend.controllers.data.UpdateEntryControllerTests" time="0.029">
    <system-out><![CDATA[
  .   ____          _            __ _ _
 /\\ / ___'_ __ _ _(_)_ __  __ _ \ \ \ \
( ( )\___ | '_ | '_| | '_ \/ _` | \ \ \ \
 \\/  ___)| |_)| | | | | || (_| |  ) ) ) )
  '  |____| .__|_| |_|_| |_\__, | / / / /
 =========|_|==============|___/=/_/_/_/
 :: Spring Boot ::                (v3.2.2)

2024-02-08T17:30:39.580+02:00  INFO 278561 --- [           main] c.u.b.c.data.UpdateEntryControllerTests  : Starting UpdateEntryControllerTests using Java 21.0.2 with PID 278561 (started by stef in /home/stef/projects/under-pressure-backend/backend)
2024-02-08T17:30:39.580+02:00  INFO 278561 --- [           main] c.u.b.c.data.UpdateEntryControllerTests  : The following 1 profile is active: "dev"
2024-02-08T17:30:39.631+02:00  INFO 278561 --- [           main] beddedDataSourceBeanFactoryPostProcessor : Replacing 'dataSource' DataSource bean with embedded version
2024-02-08T17:30:39.640+02:00  INFO 278561 --- [           main] o.s.j.d.e.EmbeddedDatabaseFactory        : Starting embedded database: url='jdbc:h2:mem:8bf02643-c62b-47f9-a83d-ed7f3599e632;DB_CLOSE_DELAY=-1;DB_CLOSE_ON_EXIT=false', username='sa'
2024-02-08T17:30:39.663+02:00  INFO 278561 --- [           main] c.u.b.c.data.UpdateEntryControllerTests  : Started UpdateEntryControllerTests in 0.102 seconds (process running for 6.118)
]]></system-out>
  </testcase>
  <testcase name="Should_Result_In_Bad_Request_When_Unfollowed" classname="com.underpressure.backend.controllers.data.UpdateEntryControllerTests" time="0.037">
    <system-out><![CDATA[
  .   ____          _            __ _ _
 /\\ / ___'_ __ _ _(_)_ __  __ _ \ \ \ \
( ( )\___ | '_ | '_| | '_ \/ _` | \ \ \ \
 \\/  ___)| |_)| | | | | || (_| |  ) ) ) )
  '  |____| .__|_| |_|_| |_\__, | / / / /
 =========|_|==============|___/=/_/_/_/
 :: Spring Boot ::                (v3.2.2)

2024-02-08T17:30:39.722+02:00  INFO 278561 --- [           main] c.u.b.c.data.UpdateEntryControllerTests  : Starting UpdateEntryControllerTests using Java 21.0.2 with PID 278561 (started by stef in /home/stef/projects/under-pressure-backend/backend)
2024-02-08T17:30:39.722+02:00  INFO 278561 --- [           main] c.u.b.c.data.UpdateEntryControllerTests  : The following 1 profile is active: "dev"
2024-02-08T17:30:39.800+02:00  INFO 278561 --- [           main] beddedDataSourceBeanFactoryPostProcessor : Replacing 'dataSource' DataSource bean with embedded version
2024-02-08T17:30:39.822+02:00  INFO 278561 --- [           main] o.s.j.d.e.EmbeddedDatabaseFactory        : Starting embedded database: url='jdbc:h2:mem:425e6b52-8613-40aa-b031-09fe2b89257c;DB_CLOSE_DELAY=-1;DB_CLOSE_ON_EXIT=false', username='sa'
2024-02-08T17:30:39.863+02:00  INFO 278561 --- [           main] c.u.b.c.data.UpdateEntryControllerTests  : Started UpdateEntryControllerTests in 0.164 seconds (process running for 6.317)
]]></system-out>
  </testcase>
  <testcase name="Should_Result_In_NOT_FOUND_Exception_When_User_Not_Found" classname="com.underpressure.backend.controllers.data.UpdateEntryControllerTests" time="0.033">
    <system-out><![CDATA[
  .   ____          _            __ _ _
 /\\ / ___'_ __ _ _(_)_ __  __ _ \ \ \ \
( ( )\___ | '_ | '_| | '_ \/ _` | \ \ \ \
 \\/  ___)| |_)| | | | | || (_| |  ) ) ) )
  '  |____| .__|_| |_|_| |_\__, | / / / /
 =========|_|==============|___/=/_/_/_/
 :: Spring Boot ::                (v3.2.2)

2024-02-08T17:30:39.949+02:00  INFO 278561 --- [           main] c.u.b.c.data.UpdateEntryControllerTests  : Starting UpdateEntryControllerTests using Java 21.0.2 with PID 278561 (started by stef in /home/stef/projects/under-pressure-backend/backend)
2024-02-08T17:30:39.949+02:00  INFO 278561 --- [           main] c.u.b.c.data.UpdateEntryControllerTests  : The following 1 profile is active: "dev"
2024-02-08T17:30:40.053+02:00  INFO 278561 --- [           main] beddedDataSourceBeanFactoryPostProcessor : Replacing 'dataSource' DataSource bean with embedded version
2024-02-08T17:30:40.079+02:00  INFO 278561 --- [           main] o.s.j.d.e.EmbeddedDatabaseFactory        : Starting embedded database: url='jdbc:h2:mem:714f048d-3a9c-4f5c-95a6-667a34954e1a;DB_CLOSE_DELAY=-1;DB_CLOSE_ON_EXIT=false', username='sa'
2024-02-08T17:30:40.117+02:00  INFO 278561 --- [           main] c.u.b.c.data.UpdateEntryControllerTests  : Started UpdateEntryControllerTests in 0.204 seconds (process running for 6.571)
]]></system-out>
  </testcase>
  <testcase name="Should_Result_In_NOT_FOUND_Exception_When_Subject_Not_Found" classname="com.underpressure.backend.controllers.data.UpdateEntryControllerTests" time="0.021">
    <system-out><![CDATA[
  .   ____          _            __ _ _
 /\\ / ___'_ __ _ _(_)_ __  __ _ \ \ \ \
( ( )\___ | '_ | '_| | '_ \/ _` | \ \ \ \
 \\/  ___)| |_)| | | | | || (_| |  ) ) ) )
  '  |____| .__|_| |_|_| |_\__, | / / / /
 =========|_|==============|___/=/_/_/_/
 :: Spring Boot ::                (v3.2.2)

2024-02-08T17:30:40.186+02:00  INFO 278561 --- [           main] c.u.b.c.data.UpdateEntryControllerTests  : Starting UpdateEntryControllerTests using Java 21.0.2 with PID 278561 (started by stef in /home/stef/projects/under-pressure-backend/backend)
2024-02-08T17:30:40.186+02:00  INFO 278561 --- [           main] c.u.b.c.data.UpdateEntryControllerTests  : The following 1 profile is active: "dev"
2024-02-08T17:30:40.287+02:00  INFO 278561 --- [           main] beddedDataSourceBeanFactoryPostProcessor : Replacing 'dataSource' DataSource bean with embedded version
2024-02-08T17:30:40.305+02:00  INFO 278561 --- [           main] o.s.j.d.e.EmbeddedDatabaseFactory        : Starting embedded database: url='jdbc:h2:mem:4908ef65-499e-4e32-8b89-fdbeb7119a52;DB_CLOSE_DELAY=-1;DB_CLOSE_ON_EXIT=false', username='sa'
2024-02-08T17:30:40.346+02:00  INFO 278561 --- [           main] c.u.b.c.data.UpdateEntryControllerTests  : Started UpdateEntryControllerTests in 0.186 seconds (process running for 6.801)
]]></system-out>
  </testcase>
  <testcase name="Should_Result_In_Bad_Request_When_Not_Followed" classname="com.underpressure.backend.controllers.data.UpdateEntryControllerTests" time="0.023">
    <system-out><![CDATA[
  .   ____          _            __ _ _
 /\\ / ___'_ __ _ _(_)_ __  __ _ \ \ \ \
( ( )\___ | '_ | '_| | '_ \/ _` | \ \ \ \
 \\/  ___)| |_)| | | | | || (_| |  ) ) ) )
  '  |____| .__|_| |_|_| |_\__, | / / / /
 =========|_|==============|___/=/_/_/_/
 :: Spring Boot ::                (v3.2.2)

2024-02-08T17:30:40.396+02:00  INFO 278561 --- [           main] c.u.b.c.data.UpdateEntryControllerTests  : Starting UpdateEntryControllerTests using Java 21.0.2 with PID 278561 (started by stef in /home/stef/projects/under-pressure-backend/backend)
2024-02-08T17:30:40.396+02:00  INFO 278561 --- [           main] c.u.b.c.data.UpdateEntryControllerTests  : The following 1 profile is active: "dev"
2024-02-08T17:30:40.477+02:00  INFO 278561 --- [           main] beddedDataSourceBeanFactoryPostProcessor : Replacing 'dataSource' DataSource bean with embedded version
2024-02-08T17:30:40.495+02:00  INFO 278561 --- [           main] o.s.j.d.e.EmbeddedDatabaseFactory        : Starting embedded database: url='jdbc:h2:mem:514ed073-3f70-4be3-a201-c2a9b639a55f;DB_CLOSE_DELAY=-1;DB_CLOSE_ON_EXIT=false', username='sa'
2024-02-08T17:30:40.524+02:00  INFO 278561 --- [           main] c.u.b.c.data.UpdateEntryControllerTests  : Started UpdateEntryControllerTests in 0.15 seconds (process running for 6.979)
]]></system-out>
  </testcase>
  <testcase name="Should_Result_In_BAD_REQUEST_When_SubjectName_Null" classname="com.underpressure.backend.controllers.data.UpdateEntryControllerTests" time="0.021">
    <system-out><![CDATA[
  .   ____          _            __ _ _
 /\\ / ___'_ __ _ _(_)_ __  __ _ \ \ \ \
( ( )\___ | '_ | '_| | '_ \/ _` | \ \ \ \
 \\/  ___)| |_)| | | | | || (_| |  ) ) ) )
  '  |____| .__|_| |_|_| |_\__, | / / / /
 =========|_|==============|___/=/_/_/_/
 :: Spring Boot ::                (v3.2.2)

2024-02-08T17:30:40.583+02:00  INFO 278561 --- [           main] c.u.b.c.data.UpdateEntryControllerTests  : Starting UpdateEntryControllerTests using Java 21.0.2 with PID 278561 (started by stef in /home/stef/projects/under-pressure-backend/backend)
2024-02-08T17:30:40.583+02:00  INFO 278561 --- [           main] c.u.b.c.data.UpdateEntryControllerTests  : The following 1 profile is active: "dev"
2024-02-08T17:30:40.679+02:00  INFO 278561 --- [           main] beddedDataSourceBeanFactoryPostProcessor : Replacing 'dataSource' DataSource bean with embedded version
2024-02-08T17:30:40.694+02:00  INFO 278561 --- [           main] o.s.j.d.e.EmbeddedDatabaseFactory        : Starting embedded database: url='jdbc:h2:mem:07f2ac59-9730-425a-a5d9-0042d44d7cf3;DB_CLOSE_DELAY=-1;DB_CLOSE_ON_EXIT=false', username='sa'
2024-02-08T17:30:40.727+02:00  INFO 278561 --- [           main] c.u.b.c.data.UpdateEntryControllerTests  : Started UpdateEntryControllerTests in 0.17 seconds (process running for 7.181)
]]></system-out>
  </testcase>
  <testcase name="Should_Result_In_UNAUTHORIZED_When_BearerToken_Null" classname="com.underpressure.backend.controllers.data.UpdateEntryControllerTests" time="0.014">
    <system-out><![CDATA[
  .   ____          _            __ _ _
 /\\ / ___'_ __ _ _(_)_ __  __ _ \ \ \ \
( ( )\___ | '_ | '_| | '_ \/ _` | \ \ \ \
 \\/  ___)| |_)| | | | | || (_| |  ) ) ) )
  '  |____| .__|_| |_|_| |_\__, | / / / /
 =========|_|==============|___/=/_/_/_/
 :: Spring Boot ::                (v3.2.2)

2024-02-08T17:30:40.779+02:00  INFO 278561 --- [           main] c.u.b.c.data.UpdateEntryControllerTests  : Starting UpdateEntryControllerTests using Java 21.0.2 with PID 278561 (started by stef in /home/stef/projects/under-pressure-backend/backend)
2024-02-08T17:30:40.780+02:00  INFO 278561 --- [           main] c.u.b.c.data.UpdateEntryControllerTests  : The following 1 profile is active: "dev"
2024-02-08T17:30:40.852+02:00  INFO 278561 --- [           main] beddedDataSourceBeanFactoryPostProcessor : Replacing 'dataSource' DataSource bean with embedded version
2024-02-08T17:30:40.870+02:00  INFO 278561 --- [           main] o.s.j.d.e.EmbeddedDatabaseFactory        : Starting embedded database: url='jdbc:h2:mem:d6f21256-b689-4ef9-8bb8-dd1d6fc91a77;DB_CLOSE_DELAY=-1;DB_CLOSE_ON_EXIT=false', username='sa'
2024-02-08T17:30:40.908+02:00  INFO 278561 --- [           main] c.u.b.c.data.UpdateEntryControllerTests  : Started UpdateEntryControllerTests in 0.152 seconds (process running for 7.363)
]]></system-out>
  </testcase>
  <testcase name="Should_Add_Entry_When_Request_Valid" classname="com.underpressure.backend.controllers.data.UpdateEntryControllerTests" time="0.015">
    <system-out><![CDATA[
  .   ____          _            __ _ _
 /\\ / ___'_ __ _ _(_)_ __  __ _ \ \ \ \
( ( )\___ | '_ | '_| | '_ \/ _` | \ \ \ \
 \\/  ___)| |_)| | | | | || (_| |  ) ) ) )
  '  |____| .__|_| |_|_| |_\__, | / / / /
 =========|_|==============|___/=/_/_/_/
 :: Spring Boot ::                (v3.2.2)

2024-02-08T17:30:40.944+02:00  INFO 278561 --- [           main] c.u.b.c.data.UpdateEntryControllerTests  : Starting UpdateEntryControllerTests using Java 21.0.2 with PID 278561 (started by stef in /home/stef/projects/under-pressure-backend/backend)
2024-02-08T17:30:40.944+02:00  INFO 278561 --- [           main] c.u.b.c.data.UpdateEntryControllerTests  : The following 1 profile is active: "dev"
2024-02-08T17:30:41.012+02:00  INFO 278561 --- [           main] beddedDataSourceBeanFactoryPostProcessor : Replacing 'dataSource' DataSource bean with embedded version
2024-02-08T17:30:41.021+02:00  INFO 278561 --- [           main] o.s.j.d.e.EmbeddedDatabaseFactory        : Starting embedded database: url='jdbc:h2:mem:2646307a-c02f-4272-8d23-80cf773fef1b;DB_CLOSE_DELAY=-1;DB_CLOSE_ON_EXIT=false', username='sa'
2024-02-08T17:30:41.040+02:00  INFO 278561 --- [           main] c.u.b.c.data.UpdateEntryControllerTests  : Started UpdateEntryControllerTests in 0.112 seconds (process running for 7.494)
]]></system-out>
  </testcase>
</testsuite>