<?xml version="1.0" encoding="UTF-8"?>
<testsuite xmlns:xsi="http://www.w3.org/2001/XMLSchema-instance" xsi:noNamespaceSchemaLocation="https://maven.apache.org/surefire/maven-surefire-plugin/xsd/surefire-test-report-3.0.xsd" version="3.0" name="com.underpressure.backend.controllers.data.FollowSubjectControllerTests" time="0.908" tests="7" errors="0" skipped="0" failures="0">
  <properties>
    <property name="java.specification.version" value="21"/>
    <property name="sun.jnu.encoding" value="UTF-8"/>
    <property name="java.class.path" value="/home/stef/projects/under-pressure-backend/backend/target/test-classes:/home/stef/projects/under-pressure-backend/backend/target/classes:/home/stef/.m2/repository/org/postgresql/postgresql/42.6.0/postgresql-42.6.0.jar:/home/stef/.m2/repository/org/checkerframework/checker-qual/3.31.0/checker-qual-3.31.0.jar:/home/stef/.m2/repository/org/springframework/boot/spring-boot-starter-jdbc/3.2.2/spring-boot-starter-jdbc-3.2.2.jar:/home/stef/.m2/repository/org/springframework/boot/spring-boot-starter/3.2.2/spring-boot-starter-3.2.2.jar:/home/stef/.m2/repository/org/springframework/boot/spring-boot/3.2.2/spring-boot-3.2.2.jar:/home/stef/.m2/repository/org/springframework/boot/spring-boot-autoconfigure/3.2.2/spring-boot-autoconfigure-3.2.2.jar:/home/stef/.m2/repository/org/springframework/boot/spring-boot-starter-logging/3.2.2/spring-boot-starter-logging-3.2.2.jar:/home/stef/.m2/repository/ch/qos/logback/logback-classic/1.4.14/logback-classic-1.4.14.jar:/home/stef/.m2/repository/ch/qos/logback/logback-core/1.4.14/logback-core-1.4.14.jar:/home/stef/.m2/repository/org/apache/logging/log4j/log4j-to-slf4j/2.21.1/log4j-to-slf4j-2.21.1.jar:/home/stef/.m2/repository/org/apache/logging/log4j/log4j-api/2.21.1/log4j-api-2.21.1.jar:/home/stef/.m2/repository/org/slf4j/jul-to-slf4j/2.0.11/jul-to-slf4j-2.0.11.jar:/home/stef/.m2/repository/jakarta/annotation/jakarta.annotation-api/2.1.1/jakarta.annotation-api-2.1.1.jar:/home/stef/.m2/repository/org/yaml/snakeyaml/2.2/snakeyaml-2.2.jar:/home/stef/.m2/repository/com/zaxxer/HikariCP/5.0.1/HikariCP-5.0.1.jar:/home/stef/.m2/repository/org/slf4j/slf4j-api/2.0.11/slf4j-api-2.0.11.jar:/home/stef/.m2/repository/org/springframework/spring-jdbc/6.1.3/spring-jdbc-6.1.3.jar:/home/stef/.m2/repository/org/springframework/spring-beans/6.1.3/spring-beans-6.1.3.jar:/home/stef/.m2/repository/org/springframework/spring-tx/6.1.3/spring-tx-6.1.3.jar:/home/stef/.m2/repository/org/springframework/boot/spring-boot-starter-web/3.2.2/spring-boot-starter-web-3.2.2.jar:/home/stef/.m2/repository/org/springframework/boot/spring-boot-starter-json/3.2.2/spring-boot-starter-json-3.2.2.jar:/home/stef/.m2/repository/com/fasterxml/jackson/core/jackson-databind/2.15.3/jackson-databind-2.15.3.jar:/home/stef/.m2/repository/com/fasterxml/jackson/core/jackson-annotations/2.15.3/jackson-annotations-2.15.3.jar:/home/stef/.m2/repository/com/fasterxml/jackson/core/jackson-core/2.15.3/jackson-core-2.15.3.jar:/home/stef/.m2/repository/com/fasterxml/jackson/datatype/jackson-datatype-jdk8/2.15.3/jackson-datatype-jdk8-2.15.3.jar:/home/stef/.m2/repository/com/fasterxml/jackson/datatype/jackson-datatype-jsr310/2.15.3/jackson-datatype-jsr310-2.15.3.jar:/home/stef/.m2/repository/com/fasterxml/jackson/module/jackson-module-parameter-names/2.15.3/jackson-module-parameter-names-2.15.3.jar:/home/stef/.m2/repository/org/springframework/boot/spring-boot-starter-tomcat/3.2.2/spring-boot-starter-tomcat-3.2.2.jar:/home/stef/.m2/repository/org/apache/tomcat/embed/tomcat-embed-core/10.1.18/tomcat-embed-core-10.1.18.jar:/home/stef/.m2/repository/org/apache/tomcat/embed/tomcat-embed-el/10.1.18/tomcat-embed-el-10.1.18.jar:/home/stef/.m2/repository/org/apache/tomcat/embed/tomcat-embed-websocket/10.1.18/tomcat-embed-websocket-10.1.18.jar:/home/stef/.m2/repository/org/springframework/spring-web/6.1.3/spring-web-6.1.3.jar:/home/stef/.m2/repository/io/micrometer/micrometer-observation/1.12.2/micrometer-observation-1.12.2.jar:/home/stef/.m2/repository/io/micrometer/micrometer-commons/1.12.2/micrometer-commons-1.12.2.jar:/home/stef/.m2/repository/org/springframework/spring-webmvc/6.1.3/spring-webmvc-6.1.3.jar:/home/stef/.m2/repository/org/springframework/spring-aop/6.1.3/spring-aop-6.1.3.jar:/home/stef/.m2/repository/org/springframework/spring-context/6.1.3/spring-context-6.1.3.jar:/home/stef/.m2/repository/org/springframework/spring-expression/6.1.3/spring-expression-6.1.3.jar:/home/stef/.m2/repository/com/google/api-client/google-api-client/1.35.0/google-api-client-1.35.0.jar:/home/stef/.m2/repository/com/google/http-client/google-http-client-gson/1.41.8/google-http-client-gson-1.41.8.jar:/home/stef/.m2/repository/com/google/code/gson/gson/2.10.1/gson-2.10.1.jar:/home/stef/.m2/repository/com/google/guava/guava/31.1-jre/guava-31.1-jre.jar:/home/stef/.m2/repository/com/google/guava/failureaccess/1.0.1/failureaccess-1.0.1.jar:/home/stef/.m2/repository/com/google/guava/listenablefuture/9999.0-empty-to-avoid-conflict-with-guava/listenablefuture-9999.0-empty-to-avoid-conflict-with-guava.jar:/home/stef/.m2/repository/com/google/code/findbugs/jsr305/3.0.2/jsr305-3.0.2.jar:/home/stef/.m2/repository/com/google/errorprone/error_prone_annotations/2.11.0/error_prone_annotations-2.11.0.jar:/home/stef/.m2/repository/com/google/j2objc/j2objc-annotations/1.3/j2objc-annotations-1.3.jar:/home/stef/.m2/repository/com/google/http-client/google-http-client-apache-v2/1.41.8/google-http-client-apache-v2-1.41.8.jar:/home/stef/.m2/repository/org/apache/httpcomponents/httpcore/4.4.16/httpcore-4.4.16.jar:/home/stef/.m2/repository/org/apache/httpcomponents/httpclient/4.5.13/httpclient-4.5.13.jar:/home/stef/.m2/repository/commons-codec/commons-codec/1.16.0/commons-codec-1.16.0.jar:/home/stef/.m2/repository/com/google/http-client/google-http-client/1.41.8/google-http-client-1.41.8.jar:/home/stef/.m2/repository/io/opencensus/opencensus-api/0.31.0/opencensus-api-0.31.0.jar:/home/stef/.m2/repository/io/grpc/grpc-context/1.27.2/grpc-context-1.27.2.jar:/home/stef/.m2/repository/io/opencensus/opencensus-contrib-http-util/0.31.0/opencensus-contrib-http-util-0.31.0.jar:/home/stef/.m2/repository/com/google/oauth-client/google-oauth-client/1.35.0/google-oauth-client-1.35.0.jar:/home/stef/.m2/repository/org/springframework/boot/spring-boot-starter-test/3.2.2/spring-boot-starter-test-3.2.2.jar:/home/stef/.m2/repository/org/springframework/boot/spring-boot-test/3.2.2/spring-boot-test-3.2.2.jar:/home/stef/.m2/repository/org/springframework/boot/spring-boot-test-autoconfigure/3.2.2/spring-boot-test-autoconfigure-3.2.2.jar:/home/stef/.m2/repository/com/jayway/jsonpath/json-path/2.8.0/json-path-2.8.0.jar:/home/stef/.m2/repository/jakarta/xml/bind/jakarta.xml.bind-api/4.0.1/jakarta.xml.bind-api-4.0.1.jar:/home/stef/.m2/repository/jakarta/activation/jakarta.activation-api/2.1.2/jakarta.activation-api-2.1.2.jar:/home/stef/.m2/repository/net/minidev/json-smart/2.5.0/json-smart-2.5.0.jar:/home/stef/.m2/repository/net/minidev/accessors-smart/2.5.0/accessors-smart-2.5.0.jar:/home/stef/.m2/repository/org/ow2/asm/asm/9.3/asm-9.3.jar:/home/stef/.m2/repository/org/assertj/assertj-core/3.24.2/assertj-core-3.24.2.jar:/home/stef/.m2/repository/net/bytebuddy/byte-buddy/1.14.11/byte-buddy-1.14.11.jar:/home/stef/.m2/repository/org/awaitility/awaitility/4.2.0/awaitility-4.2.0.jar:/home/stef/.m2/repository/org/hamcrest/hamcrest/2.2/hamcrest-2.2.jar:/home/stef/.m2/repository/org/junit/jupiter/junit-jupiter/5.10.1/junit-jupiter-5.10.1.jar:/home/stef/.m2/repository/org/junit/jupiter/junit-jupiter-api/5.10.1/junit-jupiter-api-5.10.1.jar:/home/stef/.m2/repository/org/opentest4j/opentest4j/1.3.0/opentest4j-1.3.0.jar:/home/stef/.m2/repository/org/junit/platform/junit-platform-commons/1.10.1/junit-platform-commons-1.10.1.jar:/home/stef/.m2/repository/org/apiguardian/apiguardian-api/1.1.2/apiguardian-api-1.1.2.jar:/home/stef/.m2/repository/org/junit/jupiter/junit-jupiter-params/5.10.1/junit-jupiter-params-5.10.1.jar:/home/stef/.m2/repository/org/junit/jupiter/junit-jupiter-engine/5.10.1/junit-jupiter-engine-5.10.1.jar:/home/stef/.m2/repository/org/junit/platform/junit-platform-engine/1.10.1/junit-platform-engine-1.10.1.jar:/home/stef/.m2/repository/org/mockito/mockito-core/5.7.0/mockito-core-5.7.0.jar:/home/stef/.m2/repository/net/bytebuddy/byte-buddy-agent/1.14.11/byte-buddy-agent-1.14.11.jar:/home/stef/.m2/repository/org/objenesis/objenesis/3.3/objenesis-3.3.jar:/home/stef/.m2/repository/org/mockito/mockito-junit-jupiter/5.7.0/mockito-junit-jupiter-5.7.0.jar:/home/stef/.m2/repository/org/skyscreamer/jsonassert/1.5.1/jsonassert-1.5.1.jar:/home/stef/.m2/repository/com/vaadin/external/google/android-json/0.0.20131108.vaadin1/android-json-0.0.20131108.vaadin1.jar:/home/stef/.m2/repository/org/springframework/spring-core/6.1.3/spring-core-6.1.3.jar:/home/stef/.m2/repository/org/springframework/spring-jcl/6.1.3/spring-jcl-6.1.3.jar:/home/stef/.m2/repository/org/springframework/spring-test/6.1.3/spring-test-6.1.3.jar:/home/stef/.m2/repository/org/xmlunit/xmlunit-core/2.9.1/xmlunit-core-2.9.1.jar:/home/stef/.m2/repository/com/h2database/h2/2.2.224/h2-2.2.224.jar:"/>
    <property name="java.vm.vendor" value="Oracle Corporation"/>
    <property name="sun.arch.data.model" value="64"/>
    <property name="java.vendor.url" value="https://openjdk.org/"/>
    <property name="user.timezone" value="Europe/Tallinn"/>
    <property name="os.name" value="Linux"/>
    <property name="java.vm.specification.version" value="21"/>
    <property name="sun.java.launcher" value="SUN_STANDARD"/>
    <property name="user.country" value="US"/>
    <property name="sun.boot.library.path" value="/usr/lib/jvm/java-21-openjdk/lib"/>
    <property name="sun.java.command" value="/home/stef/projects/under-pressure-backend/backend/target/surefire/surefirebooter-20240214122151921_3.jar /home/stef/projects/under-pressure-backend/backend/target/surefire 2024-02-14T12-21-51_840-jvmRun1 surefire-20240214122151921_1tmp surefire_0-20240214122151921_2tmp"/>
    <property name="jdk.debug" value="release"/>
    <property name="surefire.test.class.path" value="/home/stef/projects/under-pressure-backend/backend/target/test-classes:/home/stef/projects/under-pressure-backend/backend/target/classes:/home/stef/.m2/repository/org/postgresql/postgresql/42.6.0/postgresql-42.6.0.jar:/home/stef/.m2/repository/org/checkerframework/checker-qual/3.31.0/checker-qual-3.31.0.jar:/home/stef/.m2/repository/org/springframework/boot/spring-boot-starter-jdbc/3.2.2/spring-boot-starter-jdbc-3.2.2.jar:/home/stef/.m2/repository/org/springframework/boot/spring-boot-starter/3.2.2/spring-boot-starter-3.2.2.jar:/home/stef/.m2/repository/org/springframework/boot/spring-boot/3.2.2/spring-boot-3.2.2.jar:/home/stef/.m2/repository/org/springframework/boot/spring-boot-autoconfigure/3.2.2/spring-boot-autoconfigure-3.2.2.jar:/home/stef/.m2/repository/org/springframework/boot/spring-boot-starter-logging/3.2.2/spring-boot-starter-logging-3.2.2.jar:/home/stef/.m2/repository/ch/qos/logback/logback-classic/1.4.14/logback-classic-1.4.14.jar:/home/stef/.m2/repository/ch/qos/logback/logback-core/1.4.14/logback-core-1.4.14.jar:/home/stef/.m2/repository/org/apache/logging/log4j/log4j-to-slf4j/2.21.1/log4j-to-slf4j-2.21.1.jar:/home/stef/.m2/repository/org/apache/logging/log4j/log4j-api/2.21.1/log4j-api-2.21.1.jar:/home/stef/.m2/repository/org/slf4j/jul-to-slf4j/2.0.11/jul-to-slf4j-2.0.11.jar:/home/stef/.m2/repository/jakarta/annotation/jakarta.annotation-api/2.1.1/jakarta.annotation-api-2.1.1.jar:/home/stef/.m2/repository/org/yaml/snakeyaml/2.2/snakeyaml-2.2.jar:/home/stef/.m2/repository/com/zaxxer/HikariCP/5.0.1/HikariCP-5.0.1.jar:/home/stef/.m2/repository/org/slf4j/slf4j-api/2.0.11/slf4j-api-2.0.11.jar:/home/stef/.m2/repository/org/springframework/spring-jdbc/6.1.3/spring-jdbc-6.1.3.jar:/home/stef/.m2/repository/org/springframework/spring-beans/6.1.3/spring-beans-6.1.3.jar:/home/stef/.m2/repository/org/springframework/spring-tx/6.1.3/spring-tx-6.1.3.jar:/home/stef/.m2/repository/org/springframework/boot/spring-boot-starter-web/3.2.2/spring-boot-starter-web-3.2.2.jar:/home/stef/.m2/repository/org/springframework/boot/spring-boot-starter-json/3.2.2/spring-boot-starter-json-3.2.2.jar:/home/stef/.m2/repository/com/fasterxml/jackson/core/jackson-databind/2.15.3/jackson-databind-2.15.3.jar:/home/stef/.m2/repository/com/fasterxml/jackson/core/jackson-annotations/2.15.3/jackson-annotations-2.15.3.jar:/home/stef/.m2/repository/com/fasterxml/jackson/core/jackson-core/2.15.3/jackson-core-2.15.3.jar:/home/stef/.m2/repository/com/fasterxml/jackson/datatype/jackson-datatype-jdk8/2.15.3/jackson-datatype-jdk8-2.15.3.jar:/home/stef/.m2/repository/com/fasterxml/jackson/datatype/jackson-datatype-jsr310/2.15.3/jackson-datatype-jsr310-2.15.3.jar:/home/stef/.m2/repository/com/fasterxml/jackson/module/jackson-module-parameter-names/2.15.3/jackson-module-parameter-names-2.15.3.jar:/home/stef/.m2/repository/org/springframework/boot/spring-boot-starter-tomcat/3.2.2/spring-boot-starter-tomcat-3.2.2.jar:/home/stef/.m2/repository/org/apache/tomcat/embed/tomcat-embed-core/10.1.18/tomcat-embed-core-10.1.18.jar:/home/stef/.m2/repository/org/apache/tomcat/embed/tomcat-embed-el/10.1.18/tomcat-embed-el-10.1.18.jar:/home/stef/.m2/repository/org/apache/tomcat/embed/tomcat-embed-websocket/10.1.18/tomcat-embed-websocket-10.1.18.jar:/home/stef/.m2/repository/org/springframework/spring-web/6.1.3/spring-web-6.1.3.jar:/home/stef/.m2/repository/io/micrometer/micrometer-observation/1.12.2/micrometer-observation-1.12.2.jar:/home/stef/.m2/repository/io/micrometer/micrometer-commons/1.12.2/micrometer-commons-1.12.2.jar:/home/stef/.m2/repository/org/springframework/spring-webmvc/6.1.3/spring-webmvc-6.1.3.jar:/home/stef/.m2/repository/org/springframework/spring-aop/6.1.3/spring-aop-6.1.3.jar:/home/stef/.m2/repository/org/springframework/spring-context/6.1.3/spring-context-6.1.3.jar:/home/stef/.m2/repository/org/springframework/spring-expression/6.1.3/spring-expression-6.1.3.jar:/home/stef/.m2/repository/com/google/api-client/google-api-client/1.35.0/google-api-client-1.35.0.jar:/home/stef/.m2/repository/com/google/http-client/google-http-client-gson/1.41.8/google-http-client-gson-1.41.8.jar:/home/stef/.m2/repository/com/google/code/gson/gson/2.10.1/gson-2.10.1.jar:/home/stef/.m2/repository/com/google/guava/guava/31.1-jre/guava-31.1-jre.jar:/home/stef/.m2/repository/com/google/guava/failureaccess/1.0.1/failureaccess-1.0.1.jar:/home/stef/.m2/repository/com/google/guava/listenablefuture/9999.0-empty-to-avoid-conflict-with-guava/listenablefuture-9999.0-empty-to-avoid-conflict-with-guava.jar:/home/stef/.m2/repository/com/google/code/findbugs/jsr305/3.0.2/jsr305-3.0.2.jar:/home/stef/.m2/repository/com/google/errorprone/error_prone_annotations/2.11.0/error_prone_annotations-2.11.0.jar:/home/stef/.m2/repository/com/google/j2objc/j2objc-annotations/1.3/j2objc-annotations-1.3.jar:/home/stef/.m2/repository/com/google/http-client/google-http-client-apache-v2/1.41.8/google-http-client-apache-v2-1.41.8.jar:/home/stef/.m2/repository/org/apache/httpcomponents/httpcore/4.4.16/httpcore-4.4.16.jar:/home/stef/.m2/repository/org/apache/httpcomponents/httpclient/4.5.13/httpclient-4.5.13.jar:/home/stef/.m2/repository/commons-codec/commons-codec/1.16.0/commons-codec-1.16.0.jar:/home/stef/.m2/repository/com/google/http-client/google-http-client/1.41.8/google-http-client-1.41.8.jar:/home/stef/.m2/repository/io/opencensus/opencensus-api/0.31.0/opencensus-api-0.31.0.jar:/home/stef/.m2/repository/io/grpc/grpc-context/1.27.2/grpc-context-1.27.2.jar:/home/stef/.m2/repository/io/opencensus/opencensus-contrib-http-util/0.31.0/opencensus-contrib-http-util-0.31.0.jar:/home/stef/.m2/repository/com/google/oauth-client/google-oauth-client/1.35.0/google-oauth-client-1.35.0.jar:/home/stef/.m2/repository/org/springframework/boot/spring-boot-starter-test/3.2.2/spring-boot-starter-test-3.2.2.jar:/home/stef/.m2/repository/org/springframework/boot/spring-boot-test/3.2.2/spring-boot-test-3.2.2.jar:/home/stef/.m2/repository/org/springframework/boot/spring-boot-test-autoconfigure/3.2.2/spring-boot-test-autoconfigure-3.2.2.jar:/home/stef/.m2/repository/com/jayway/jsonpath/json-path/2.8.0/json-path-2.8.0.jar:/home/stef/.m2/repository/jakarta/xml/bind/jakarta.xml.bind-api/4.0.1/jakarta.xml.bind-api-4.0.1.jar:/home/stef/.m2/repository/jakarta/activation/jakarta.activation-api/2.1.2/jakarta.activation-api-2.1.2.jar:/home/stef/.m2/repository/net/minidev/json-smart/2.5.0/json-smart-2.5.0.jar:/home/stef/.m2/repository/net/minidev/accessors-smart/2.5.0/accessors-smart-2.5.0.jar:/home/stef/.m2/repository/org/ow2/asm/asm/9.3/asm-9.3.jar:/home/stef/.m2/repository/org/assertj/assertj-core/3.24.2/assertj-core-3.24.2.jar:/home/stef/.m2/repository/net/bytebuddy/byte-buddy/1.14.11/byte-buddy-1.14.11.jar:/home/stef/.m2/repository/org/awaitility/awaitility/4.2.0/awaitility-4.2.0.jar:/home/stef/.m2/repository/org/hamcrest/hamcrest/2.2/hamcrest-2.2.jar:/home/stef/.m2/repository/org/junit/jupiter/junit-jupiter/5.10.1/junit-jupiter-5.10.1.jar:/home/stef/.m2/repository/org/junit/jupiter/junit-jupiter-api/5.10.1/junit-jupiter-api-5.10.1.jar:/home/stef/.m2/repository/org/opentest4j/opentest4j/1.3.0/opentest4j-1.3.0.jar:/home/stef/.m2/repository/org/junit/platform/junit-platform-commons/1.10.1/junit-platform-commons-1.10.1.jar:/home/stef/.m2/repository/org/apiguardian/apiguardian-api/1.1.2/apiguardian-api-1.1.2.jar:/home/stef/.m2/repository/org/junit/jupiter/junit-jupiter-params/5.10.1/junit-jupiter-params-5.10.1.jar:/home/stef/.m2/repository/org/junit/jupiter/junit-jupiter-engine/5.10.1/junit-jupiter-engine-5.10.1.jar:/home/stef/.m2/repository/org/junit/platform/junit-platform-engine/1.10.1/junit-platform-engine-1.10.1.jar:/home/stef/.m2/repository/org/mockito/mockito-core/5.7.0/mockito-core-5.7.0.jar:/home/stef/.m2/repository/net/bytebuddy/byte-buddy-agent/1.14.11/byte-buddy-agent-1.14.11.jar:/home/stef/.m2/repository/org/objenesis/objenesis/3.3/objenesis-3.3.jar:/home/stef/.m2/repository/org/mockito/mockito-junit-jupiter/5.7.0/mockito-junit-jupiter-5.7.0.jar:/home/stef/.m2/repository/org/skyscreamer/jsonassert/1.5.1/jsonassert-1.5.1.jar:/home/stef/.m2/repository/com/vaadin/external/google/android-json/0.0.20131108.vaadin1/android-json-0.0.20131108.vaadin1.jar:/home/stef/.m2/repository/org/springframework/spring-core/6.1.3/spring-core-6.1.3.jar:/home/stef/.m2/repository/org/springframework/spring-jcl/6.1.3/spring-jcl-6.1.3.jar:/home/stef/.m2/repository/org/springframework/spring-test/6.1.3/spring-test-6.1.3.jar:/home/stef/.m2/repository/org/xmlunit/xmlunit-core/2.9.1/xmlunit-core-2.9.1.jar:/home/stef/.m2/repository/com/h2database/h2/2.2.224/h2-2.2.224.jar:"/>
    <property name="sun.cpu.endian" value="little"/>
    <property name="user.home" value="/home/stef"/>
    <property name="user.language" value="en"/>
    <property name="java.specification.vendor" value="Oracle Corporation"/>
    <property name="java.version.date" value="2024-01-16"/>
    <property name="java.home" value="/usr/lib/jvm/java-21-openjdk"/>
    <property name="file.separator" value="/"/>
    <property name="basedir" value="/home/stef/projects/under-pressure-backend/backend"/>
    <property name="java.vm.compressedOopsMode" value="32-bit"/>
    <property name="line.separator" value="&#10;"/>
    <property name="java.vm.specification.vendor" value="Oracle Corporation"/>
    <property name="java.specification.name" value="Java Platform API Specification"/>
    <property name="FILE_LOG_CHARSET" value="UTF-8"/>
    <property name="java.awt.headless" value="true"/>
    <property name="surefire.real.class.path" value="/home/stef/projects/under-pressure-backend/backend/target/surefire/surefirebooter-20240214122151921_3.jar"/>
    <property name="sun.management.compiler" value="HotSpot 64-Bit Tiered Compilers"/>
    <property name="java.runtime.version" value="21.0.2+13"/>
    <property name="user.name" value="stef"/>
    <property name="stdout.encoding" value="UTF-8"/>
    <property name="path.separator" value=":"/>
    <property name="os.version" value="6.7.0-arch3-1"/>
    <property name="java.runtime.name" value="OpenJDK Runtime Environment"/>
    <property name="file.encoding" value="UTF-8"/>
    <property name="java.vm.name" value="OpenJDK 64-Bit Server VM"/>
    <property name="localRepository" value="/home/stef/.m2/repository"/>
    <property name="java.vendor.url.bug" value="https://bugreport.java.com/bugreport/"/>
    <property name="java.io.tmpdir" value="/tmp"/>
    <property name="java.version" value="21.0.2"/>
    <property name="user.dir" value="/home/stef/projects/under-pressure-backend/backend"/>
    <property name="os.arch" value="amd64"/>
    <property name="java.vm.specification.name" value="Java Virtual Machine Specification"/>
    <property name="PID" value="9343"/>
    <property name="CONSOLE_LOG_CHARSET" value="UTF-8"/>
    <property name="native.encoding" value="UTF-8"/>
    <property name="java.library.path" value="/usr/java/packages/lib:/usr/lib64:/lib64:/lib:/usr/lib"/>
    <property name="java.vm.info" value="mixed mode, sharing"/>
    <property name="stderr.encoding" value="UTF-8"/>
    <property name="java.vendor" value="N/A"/>
    <property name="java.vm.version" value="21.0.2+13"/>
    <property name="sun.io.unicode.encoding" value="UnicodeLittle"/>
    <property name="java.class.version" value="65.0"/>
  </properties>
  <testcase name="Should_Create_A_Subject_When_Request_Valid" classname="com.underpressure.backend.controllers.data.FollowSubjectControllerTests" time="0.015">
    <system-out><![CDATA[2024-02-14T12:22:00.855+02:00  INFO 9343 --- [           main] t.c.s.AnnotationConfigContextLoaderUtils : Could not detect default configuration classes for test class [com.underpressure.backend.controllers.data.FollowSubjectControllerTests]: FollowSubjectControllerTests does not declare any static, non-private, non-final, nested classes annotated with @Configuration.
2024-02-14T12:22:00.862+02:00  INFO 9343 --- [           main] .b.t.c.SpringBootTestContextBootstrapper : Found @SpringBootConfiguration com.underpressure.backend.BackendApplication for test class com.underpressure.backend.controllers.data.FollowSubjectControllerTests

  .   ____          _            __ _ _
 /\\ / ___'_ __ _ _(_)_ __  __ _ \ \ \ \
( ( )\___ | '_ | '_| | '_ \/ _` | \ \ \ \
 \\/  ___)| |_)| | | | | || (_| |  ) ) ) )
  '  |____| .__|_| |_|_| |_\__, | / / / /
 =========|_|==============|___/=/_/_/_/
 :: Spring Boot ::                (v3.2.2)

2024-02-14T12:22:00.880+02:00  INFO 9343 --- [           main] c.u.b.c.d.FollowSubjectControllerTests   : Starting FollowSubjectControllerTests using Java 21.0.2 with PID 9343 (started by stef in /home/stef/projects/under-pressure-backend/backend)
2024-02-14T12:22:00.881+02:00  INFO 9343 --- [           main] c.u.b.c.d.FollowSubjectControllerTests   : The following 1 profile is active: "dev"
2024-02-14T12:22:00.948+02:00  INFO 9343 --- [           main] beddedDataSourceBeanFactoryPostProcessor : Replacing 'dataSource' DataSource bean with embedded version
2024-02-14T12:22:00.957+02:00  INFO 9343 --- [           main] o.s.j.d.e.EmbeddedDatabaseFactory        : Starting embedded database: url='jdbc:h2:mem:ed73ea5a-26af-4761-9fb9-086a1f557f9e;DB_CLOSE_DELAY=-1;DB_CLOSE_ON_EXIT=false', username='sa'
2024-02-14T12:22:00.974+02:00  INFO 9343 --- [           main] c.u.b.c.d.FollowSubjectControllerTests   : Started FollowSubjectControllerTests in 0.11 seconds (process running for 8.968)
]]></system-out>
  </testcase>
  <testcase name="Should_Result_In_NOT_FOUND_Exception_When_User_Not_Found" classname="com.underpressure.backend.controllers.data.FollowSubjectControllerTests" time="0.011">
    <system-out><![CDATA[
  .   ____          _            __ _ _
 /\\ / ___'_ __ _ _(_)_ __  __ _ \ \ \ \
( ( )\___ | '_ | '_| | '_ \/ _` | \ \ \ \
 \\/  ___)| |_)| | | | | || (_| |  ) ) ) )
  '  |____| .__|_| |_|_| |_\__, | / / / /
 =========|_|==============|___/=/_/_/_/
 :: Spring Boot ::                (v3.2.2)

2024-02-14T12:22:01.009+02:00  INFO 9343 --- [           main] c.u.b.c.d.FollowSubjectControllerTests   : Starting FollowSubjectControllerTests using Java 21.0.2 with PID 9343 (started by stef in /home/stef/projects/under-pressure-backend/backend)
2024-02-14T12:22:01.009+02:00  INFO 9343 --- [           main] c.u.b.c.d.FollowSubjectControllerTests   : The following 1 profile is active: "dev"
2024-02-14T12:22:01.081+02:00  INFO 9343 --- [           main] beddedDataSourceBeanFactoryPostProcessor : Replacing 'dataSource' DataSource bean with embedded version
2024-02-14T12:22:01.101+02:00  INFO 9343 --- [           main] o.s.j.d.e.EmbeddedDatabaseFactory        : Starting embedded database: url='jdbc:h2:mem:63991af5-8f8d-49f9-83e8-b886055b7f7e;DB_CLOSE_DELAY=-1;DB_CLOSE_ON_EXIT=false', username='sa'
2024-02-14T12:22:01.131+02:00  INFO 9343 --- [           main] c.u.b.c.d.FollowSubjectControllerTests   : Started FollowSubjectControllerTests in 0.138 seconds (process running for 9.126)
]]></system-out>
  </testcase>
  <testcase name="Should_Result_In_NOT_FOUND_Exception_When_Subject_Not_Found" classname="com.underpressure.backend.controllers.data.FollowSubjectControllerTests" time="0.009">
    <system-out><![CDATA[
  .   ____          _            __ _ _
 /\\ / ___'_ __ _ _(_)_ __  __ _ \ \ \ \
( ( )\___ | '_ | '_| | '_ \/ _` | \ \ \ \
 \\/  ___)| |_)| | | | | || (_| |  ) ) ) )
  '  |____| .__|_| |_|_| |_\__, | / / / /
 =========|_|==============|___/=/_/_/_/
 :: Spring Boot ::                (v3.2.2)

2024-02-14T12:22:01.169+02:00  INFO 9343 --- [           main] c.u.b.c.d.FollowSubjectControllerTests   : Starting FollowSubjectControllerTests using Java 21.0.2 with PID 9343 (started by stef in /home/stef/projects/under-pressure-backend/backend)
2024-02-14T12:22:01.169+02:00  INFO 9343 --- [           main] c.u.b.c.d.FollowSubjectControllerTests   : The following 1 profile is active: "dev"
2024-02-14T12:22:01.220+02:00  INFO 9343 --- [           main] beddedDataSourceBeanFactoryPostProcessor : Replacing 'dataSource' DataSource bean with embedded version
2024-02-14T12:22:01.229+02:00  INFO 9343 --- [           main] o.s.j.d.e.EmbeddedDatabaseFactory        : Starting embedded database: url='jdbc:h2:mem:03f349e6-9e90-4fab-ad45-b11a1c6a4630;DB_CLOSE_DELAY=-1;DB_CLOSE_ON_EXIT=false', username='sa'
2024-02-14T12:22:01.249+02:00  INFO 9343 --- [           main] c.u.b.c.d.FollowSubjectControllerTests   : Started FollowSubjectControllerTests in 0.095 seconds (process running for 9.243)
]]></system-out>
  </testcase>
  <testcase name="Should_Result_In_BAD_REQUEST_When_SubjectName_Null" classname="com.underpressure.backend.controllers.data.FollowSubjectControllerTests" time="0.008">
    <system-out><![CDATA[
  .   ____          _            __ _ _
 /\\ / ___'_ __ _ _(_)_ __  __ _ \ \ \ \
( ( )\___ | '_ | '_| | '_ \/ _` | \ \ \ \
 \\/  ___)| |_)| | | | | || (_| |  ) ) ) )
  '  |____| .__|_| |_|_| |_\__, | / / / /
 =========|_|==============|___/=/_/_/_/
 :: Spring Boot ::                (v3.2.2)

2024-02-14T12:22:01.280+02:00  INFO 9343 --- [           main] c.u.b.c.d.FollowSubjectControllerTests   : Starting FollowSubjectControllerTests using Java 21.0.2 with PID 9343 (started by stef in /home/stef/projects/under-pressure-backend/backend)
2024-02-14T12:22:01.280+02:00  INFO 9343 --- [           main] c.u.b.c.d.FollowSubjectControllerTests   : The following 1 profile is active: "dev"
2024-02-14T12:22:01.336+02:00  INFO 9343 --- [           main] beddedDataSourceBeanFactoryPostProcessor : Replacing 'dataSource' DataSource bean with embedded version
2024-02-14T12:22:01.343+02:00  INFO 9343 --- [           main] o.s.j.d.e.EmbeddedDatabaseFactory        : Starting embedded database: url='jdbc:h2:mem:095b83d7-8e00-4df3-a900-631a325c6655;DB_CLOSE_DELAY=-1;DB_CLOSE_ON_EXIT=false', username='sa'
2024-02-14T12:22:01.357+02:00  INFO 9343 --- [           main] c.u.b.c.d.FollowSubjectControllerTests   : Started FollowSubjectControllerTests in 0.095 seconds (process running for 9.351)
]]></system-out>
  </testcase>
  <testcase name="Should_Result_In_UNAUTHORIZED_When_BearerToken_Null" classname="com.underpressure.backend.controllers.data.FollowSubjectControllerTests" time="0.011">
    <system-out><![CDATA[
  .   ____          _            __ _ _
 /\\ / ___'_ __ _ _(_)_ __  __ _ \ \ \ \
( ( )\___ | '_ | '_| | '_ \/ _` | \ \ \ \
 \\/  ___)| |_)| | | | | || (_| |  ) ) ) )
  '  |____| .__|_| |_|_| |_\__, | / / / /
 =========|_|==============|___/=/_/_/_/
 :: Spring Boot ::                (v3.2.2)

2024-02-14T12:22:01.382+02:00  INFO 9343 --- [           main] c.u.b.c.d.FollowSubjectControllerTests   : Starting FollowSubjectControllerTests using Java 21.0.2 with PID 9343 (started by stef in /home/stef/projects/under-pressure-backend/backend)
2024-02-14T12:22:01.382+02:00  INFO 9343 --- [           main] c.u.b.c.d.FollowSubjectControllerTests   : The following 1 profile is active: "dev"
2024-02-14T12:22:01.442+02:00  INFO 9343 --- [           main] beddedDataSourceBeanFactoryPostProcessor : Replacing 'dataSource' DataSource bean with embedded version
2024-02-14T12:22:01.450+02:00  INFO 9343 --- [           main] o.s.j.d.e.EmbeddedDatabaseFactory        : Starting embedded database: url='jdbc:h2:mem:32f37436-fbe9-422e-8f52-20cbc757b816;DB_CLOSE_DELAY=-1;DB_CLOSE_ON_EXIT=false', username='sa'
2024-02-14T12:22:01.468+02:00  INFO 9343 --- [           main] c.u.b.c.d.FollowSubjectControllerTests   : Started FollowSubjectControllerTests in 0.099 seconds (process running for 9.462)
]]></system-out>
  </testcase>
  <testcase name="Should_Result_In_BAD_REQUEST_When_Requested_To_Follow_Already_Followed" classname="com.underpressure.backend.controllers.data.FollowSubjectControllerTests" time="0.012">
    <system-out><![CDATA[
  .   ____          _            __ _ _
 /\\ / ___'_ __ _ _(_)_ __  __ _ \ \ \ \
( ( )\___ | '_ | '_| | '_ \/ _` | \ \ \ \
 \\/  ___)| |_)| | | | | || (_| |  ) ) ) )
  '  |____| .__|_| |_|_| |_\__, | / / / /
 =========|_|==============|___/=/_/_/_/
 :: Spring Boot ::                (v3.2.2)

2024-02-14T12:22:01.511+02:00  INFO 9343 --- [           main] c.u.b.c.d.FollowSubjectControllerTests   : Starting FollowSubjectControllerTests using Java 21.0.2 with PID 9343 (started by stef in /home/stef/projects/under-pressure-backend/backend)
2024-02-14T12:22:01.511+02:00  INFO 9343 --- [           main] c.u.b.c.d.FollowSubjectControllerTests   : The following 1 profile is active: "dev"
2024-02-14T12:22:01.592+02:00  INFO 9343 --- [           main] beddedDataSourceBeanFactoryPostProcessor : Replacing 'dataSource' DataSource bean with embedded version
2024-02-14T12:22:01.603+02:00  INFO 9343 --- [           main] o.s.j.d.e.EmbeddedDatabaseFactory        : Starting embedded database: url='jdbc:h2:mem:34008d00-bdf9-44ab-aa9b-bd2a737ffde0;DB_CLOSE_DELAY=-1;DB_CLOSE_ON_EXIT=false', username='sa'
2024-02-14T12:22:01.631+02:00  INFO 9343 --- [           main] c.u.b.c.d.FollowSubjectControllerTests   : Started FollowSubjectControllerTests in 0.143 seconds (process running for 9.626)
]]></system-out>
  </testcase>
  <testcase name="Should_Follow_A_Subject_When_Request_Valid" classname="com.underpressure.backend.controllers.data.FollowSubjectControllerTests" time="0.012">
    <system-out><![CDATA[
  .   ____          _            __ _ _
 /\\ / ___'_ __ _ _(_)_ __  __ _ \ \ \ \
( ( )\___ | '_ | '_| | '_ \/ _` | \ \ \ \
 \\/  ___)| |_)| | | | | || (_| |  ) ) ) )
  '  |____| .__|_| |_|_| |_\__, | / / / /
 =========|_|==============|___/=/_/_/_/
 :: Spring Boot ::                (v3.2.2)

2024-02-14T12:22:01.663+02:00  INFO 9343 --- [           main] c.u.b.c.d.FollowSubjectControllerTests   : Starting FollowSubjectControllerTests using Java 21.0.2 with PID 9343 (started by stef in /home/stef/projects/under-pressure-backend/backend)
2024-02-14T12:22:01.664+02:00  INFO 9343 --- [           main] c.u.b.c.d.FollowSubjectControllerTests   : The following 1 profile is active: "dev"
2024-02-14T12:22:01.723+02:00  INFO 9343 --- [           main] beddedDataSourceBeanFactoryPostProcessor : Replacing 'dataSource' DataSource bean with embedded version
2024-02-14T12:22:01.731+02:00  INFO 9343 --- [           main] o.s.j.d.e.EmbeddedDatabaseFactory        : Starting embedded database: url='jdbc:h2:mem:3b422b2b-bada-494a-be3e-de4d1e8bacc7;DB_CLOSE_DELAY=-1;DB_CLOSE_ON_EXIT=false', username='sa'
2024-02-14T12:22:01.745+02:00  INFO 9343 --- [           main] c.u.b.c.d.FollowSubjectControllerTests   : Started FollowSubjectControllerTests in 0.097 seconds (process running for 9.74)
]]></system-out>
  </testcase>
</testsuite>