<?xml version="1.0" encoding="UTF-8"?>
<testsuite xmlns:xsi="http://www.w3.org/2001/XMLSchema-instance" xsi:noNamespaceSchemaLocation="https://maven.apache.org/surefire/maven-surefire-plugin/xsd/surefire-test-report-3.0.xsd" version="3.0" name="com.underpressure.backend.controllers.data.UpdateEntryControllerTests" time="2.466" tests="10" errors="0" skipped="0" failures="0">
  <properties>
    <property name="java.specification.version" value="21"/>
    <property name="sun.jnu.encoding" value="UTF-8"/>
    <property name="java.class.path" value="/home/stef/projects/under-pressure-backend/backend/target/test-classes:/home/stef/projects/under-pressure-backend/backend/target/classes:/home/stef/.m2/repository/org/postgresql/postgresql/42.6.0/postgresql-42.6.0.jar:/home/stef/.m2/repository/org/checkerframework/checker-qual/3.31.0/checker-qual-3.31.0.jar:/home/stef/.m2/repository/org/springframework/boot/spring-boot-starter-jdbc/3.2.2/spring-boot-starter-jdbc-3.2.2.jar:/home/stef/.m2/repository/org/springframework/boot/spring-boot-starter/3.2.2/spring-boot-starter-3.2.2.jar:/home/stef/.m2/repository/org/springframework/boot/spring-boot/3.2.2/spring-boot-3.2.2.jar:/home/stef/.m2/repository/org/springframework/boot/spring-boot-autoconfigure/3.2.2/spring-boot-autoconfigure-3.2.2.jar:/home/stef/.m2/repository/org/springframework/boot/spring-boot-starter-logging/3.2.2/spring-boot-starter-logging-3.2.2.jar:/home/stef/.m2/repository/ch/qos/logback/logback-classic/1.4.14/logback-classic-1.4.14.jar:/home/stef/.m2/repository/ch/qos/logback/logback-core/1.4.14/logback-core-1.4.14.jar:/home/stef/.m2/repository/org/apache/logging/log4j/log4j-to-slf4j/2.21.1/log4j-to-slf4j-2.21.1.jar:/home/stef/.m2/repository/org/apache/logging/log4j/log4j-api/2.21.1/log4j-api-2.21.1.jar:/home/stef/.m2/repository/org/slf4j/jul-to-slf4j/2.0.11/jul-to-slf4j-2.0.11.jar:/home/stef/.m2/repository/jakarta/annotation/jakarta.annotation-api/2.1.1/jakarta.annotation-api-2.1.1.jar:/home/stef/.m2/repository/org/yaml/snakeyaml/2.2/snakeyaml-2.2.jar:/home/stef/.m2/repository/com/zaxxer/HikariCP/5.0.1/HikariCP-5.0.1.jar:/home/stef/.m2/repository/org/slf4j/slf4j-api/2.0.11/slf4j-api-2.0.11.jar:/home/stef/.m2/repository/org/springframework/spring-jdbc/6.1.3/spring-jdbc-6.1.3.jar:/home/stef/.m2/repository/org/springframework/spring-beans/6.1.3/spring-beans-6.1.3.jar:/home/stef/.m2/repository/org/springframework/spring-tx/6.1.3/spring-tx-6.1.3.jar:/home/stef/.m2/repository/org/springframework/boot/spring-boot-starter-web/3.2.2/spring-boot-starter-web-3.2.2.jar:/home/stef/.m2/repository/org/springframework/boot/spring-boot-starter-json/3.2.2/spring-boot-starter-json-3.2.2.jar:/home/stef/.m2/repository/com/fasterxml/jackson/core/jackson-databind/2.15.3/jackson-databind-2.15.3.jar:/home/stef/.m2/repository/com/fasterxml/jackson/core/jackson-annotations/2.15.3/jackson-annotations-2.15.3.jar:/home/stef/.m2/repository/com/fasterxml/jackson/core/jackson-core/2.15.3/jackson-core-2.15.3.jar:/home/stef/.m2/repository/com/fasterxml/jackson/datatype/jackson-datatype-jdk8/2.15.3/jackson-datatype-jdk8-2.15.3.jar:/home/stef/.m2/repository/com/fasterxml/jackson/datatype/jackson-datatype-jsr310/2.15.3/jackson-datatype-jsr310-2.15.3.jar:/home/stef/.m2/repository/com/fasterxml/jackson/module/jackson-module-parameter-names/2.15.3/jackson-module-parameter-names-2.15.3.jar:/home/stef/.m2/repository/org/springframework/boot/spring-boot-starter-tomcat/3.2.2/spring-boot-starter-tomcat-3.2.2.jar:/home/stef/.m2/repository/org/apache/tomcat/embed/tomcat-embed-core/10.1.18/tomcat-embed-core-10.1.18.jar:/home/stef/.m2/repository/org/apache/tomcat/embed/tomcat-embed-el/10.1.18/tomcat-embed-el-10.1.18.jar:/home/stef/.m2/repository/org/apache/tomcat/embed/tomcat-embed-websocket/10.1.18/tomcat-embed-websocket-10.1.18.jar:/home/stef/.m2/repository/org/springframework/spring-web/6.1.3/spring-web-6.1.3.jar:/home/stef/.m2/repository/io/micrometer/micrometer-observation/1.12.2/micrometer-observation-1.12.2.jar:/home/stef/.m2/repository/io/micrometer/micrometer-commons/1.12.2/micrometer-commons-1.12.2.jar:/home/stef/.m2/repository/org/springframework/spring-webmvc/6.1.3/spring-webmvc-6.1.3.jar:/home/stef/.m2/repository/org/springframework/spring-aop/6.1.3/spring-aop-6.1.3.jar:/home/stef/.m2/repository/org/springframework/spring-context/6.1.3/spring-context-6.1.3.jar:/home/stef/.m2/repository/org/springframework/spring-expression/6.1.3/spring-expression-6.1.3.jar:/home/stef/.m2/repository/com/google/api-client/google-api-client/1.35.0/google-api-client-1.35.0.jar:/home/stef/.m2/repository/com/google/http-client/google-http-client-gson/1.41.8/google-http-client-gson-1.41.8.jar:/home/stef/.m2/repository/com/google/code/gson/gson/2.10.1/gson-2.10.1.jar:/home/stef/.m2/repository/com/google/guava/guava/31.1-jre/guava-31.1-jre.jar:/home/stef/.m2/repository/com/google/guava/failureaccess/1.0.1/failureaccess-1.0.1.jar:/home/stef/.m2/repository/com/google/guava/listenablefuture/9999.0-empty-to-avoid-conflict-with-guava/listenablefuture-9999.0-empty-to-avoid-conflict-with-guava.jar:/home/stef/.m2/repository/com/google/code/findbugs/jsr305/3.0.2/jsr305-3.0.2.jar:/home/stef/.m2/repository/com/google/errorprone/error_prone_annotations/2.11.0/error_prone_annotations-2.11.0.jar:/home/stef/.m2/repository/com/google/j2objc/j2objc-annotations/1.3/j2objc-annotations-1.3.jar:/home/stef/.m2/repository/com/google/http-client/google-http-client-apache-v2/1.41.8/google-http-client-apache-v2-1.41.8.jar:/home/stef/.m2/repository/org/apache/httpcomponents/httpcore/4.4.16/httpcore-4.4.16.jar:/home/stef/.m2/repository/org/apache/httpcomponents/httpclient/4.5.13/httpclient-4.5.13.jar:/home/stef/.m2/repository/commons-codec/commons-codec/1.16.0/commons-codec-1.16.0.jar:/home/stef/.m2/repository/com/google/http-client/google-http-client/1.41.8/google-http-client-1.41.8.jar:/home/stef/.m2/repository/io/opencensus/opencensus-api/0.31.0/opencensus-api-0.31.0.jar:/home/stef/.m2/repository/io/grpc/grpc-context/1.27.2/grpc-context-1.27.2.jar:/home/stef/.m2/repository/io/opencensus/opencensus-contrib-http-util/0.31.0/opencensus-contrib-http-util-0.31.0.jar:/home/stef/.m2/repository/com/google/oauth-client/google-oauth-client/1.35.0/google-oauth-client-1.35.0.jar:/home/stef/.m2/repository/org/springframework/boot/spring-boot-starter-test/3.2.2/spring-boot-starter-test-3.2.2.jar:/home/stef/.m2/repository/org/springframework/boot/spring-boot-test/3.2.2/spring-boot-test-3.2.2.jar:/home/stef/.m2/repository/org/springframework/boot/spring-boot-test-autoconfigure/3.2.2/spring-boot-test-autoconfigure-3.2.2.jar:/home/stef/.m2/repository/com/jayway/jsonpath/json-path/2.8.0/json-path-2.8.0.jar:/home/stef/.m2/repository/jakarta/xml/bind/jakarta.xml.bind-api/4.0.1/jakarta.xml.bind-api-4.0.1.jar:/home/stef/.m2/repository/jakarta/activation/jakarta.activation-api/2.1.2/jakarta.activation-api-2.1.2.jar:/home/stef/.m2/repository/net/minidev/json-smart/2.5.0/json-smart-2.5.0.jar:/home/stef/.m2/repository/net/minidev/accessors-smart/2.5.0/accessors-smart-2.5.0.jar:/home/stef/.m2/repository/org/ow2/asm/asm/9.3/asm-9.3.jar:/home/stef/.m2/repository/org/assertj/assertj-core/3.24.2/assertj-core-3.24.2.jar:/home/stef/.m2/repository/net/bytebuddy/byte-buddy/1.14.11/byte-buddy-1.14.11.jar:/home/stef/.m2/repository/org/awaitility/awaitility/4.2.0/awaitility-4.2.0.jar:/home/stef/.m2/repository/org/hamcrest/hamcrest/2.2/hamcrest-2.2.jar:/home/stef/.m2/repository/org/junit/jupiter/junit-jupiter/5.10.1/junit-jupiter-5.10.1.jar:/home/stef/.m2/repository/org/junit/jupiter/junit-jupiter-api/5.10.1/junit-jupiter-api-5.10.1.jar:/home/stef/.m2/repository/org/opentest4j/opentest4j/1.3.0/opentest4j-1.3.0.jar:/home/stef/.m2/repository/org/junit/platform/junit-platform-commons/1.10.1/junit-platform-commons-1.10.1.jar:/home/stef/.m2/repository/org/apiguardian/apiguardian-api/1.1.2/apiguardian-api-1.1.2.jar:/home/stef/.m2/repository/org/junit/jupiter/junit-jupiter-params/5.10.1/junit-jupiter-params-5.10.1.jar:/home/stef/.m2/repository/org/junit/jupiter/junit-jupiter-engine/5.10.1/junit-jupiter-engine-5.10.1.jar:/home/stef/.m2/repository/org/junit/platform/junit-platform-engine/1.10.1/junit-platform-engine-1.10.1.jar:/home/stef/.m2/repository/org/mockito/mockito-core/5.7.0/mockito-core-5.7.0.jar:/home/stef/.m2/repository/net/bytebuddy/byte-buddy-agent/1.14.11/byte-buddy-agent-1.14.11.jar:/home/stef/.m2/repository/org/objenesis/objenesis/3.3/objenesis-3.3.jar:/home/stef/.m2/repository/org/mockito/mockito-junit-jupiter/5.7.0/mockito-junit-jupiter-5.7.0.jar:/home/stef/.m2/repository/org/skyscreamer/jsonassert/1.5.1/jsonassert-1.5.1.jar:/home/stef/.m2/repository/com/vaadin/external/google/android-json/0.0.20131108.vaadin1/android-json-0.0.20131108.vaadin1.jar:/home/stef/.m2/repository/org/springframework/spring-core/6.1.3/spring-core-6.1.3.jar:/home/stef/.m2/repository/org/springframework/spring-jcl/6.1.3/spring-jcl-6.1.3.jar:/home/stef/.m2/repository/org/springframework/spring-test/6.1.3/spring-test-6.1.3.jar:/home/stef/.m2/repository/org/xmlunit/xmlunit-core/2.9.1/xmlunit-core-2.9.1.jar:/home/stef/.m2/repository/com/h2database/h2/2.2.224/h2-2.2.224.jar:"/>
    <property name="java.vm.vendor" value="Oracle Corporation"/>
    <property name="sun.arch.data.model" value="64"/>
    <property name="java.vendor.url" value="https://openjdk.org/"/>
    <property name="user.timezone" value="Europe/Tallinn"/>
    <property name="os.name" value="Linux"/>
    <property name="java.vm.specification.version" value="21"/>
    <property name="sun.java.launcher" value="SUN_STANDARD"/>
    <property name="user.country" value="US"/>
    <property name="sun.boot.library.path" value="/usr/lib/jvm/java-21-openjdk/lib"/>
    <property name="sun.java.command" value="/home/stef/projects/under-pressure-backend/backend/target/surefire/surefirebooter-20240208134604761_3.jar /home/stef/projects/under-pressure-backend/backend/target/surefire 2024-02-08T13-46-04_658-jvmRun1 surefire-20240208134604761_1tmp surefire_0-20240208134604761_2tmp"/>
    <property name="jdk.debug" value="release"/>
    <property name="surefire.test.class.path" value="/home/stef/projects/under-pressure-backend/backend/target/test-classes:/home/stef/projects/under-pressure-backend/backend/target/classes:/home/stef/.m2/repository/org/postgresql/postgresql/42.6.0/postgresql-42.6.0.jar:/home/stef/.m2/repository/org/checkerframework/checker-qual/3.31.0/checker-qual-3.31.0.jar:/home/stef/.m2/repository/org/springframework/boot/spring-boot-starter-jdbc/3.2.2/spring-boot-starter-jdbc-3.2.2.jar:/home/stef/.m2/repository/org/springframework/boot/spring-boot-starter/3.2.2/spring-boot-starter-3.2.2.jar:/home/stef/.m2/repository/org/springframework/boot/spring-boot/3.2.2/spring-boot-3.2.2.jar:/home/stef/.m2/repository/org/springframework/boot/spring-boot-autoconfigure/3.2.2/spring-boot-autoconfigure-3.2.2.jar:/home/stef/.m2/repository/org/springframework/boot/spring-boot-starter-logging/3.2.2/spring-boot-starter-logging-3.2.2.jar:/home/stef/.m2/repository/ch/qos/logback/logback-classic/1.4.14/logback-classic-1.4.14.jar:/home/stef/.m2/repository/ch/qos/logback/logback-core/1.4.14/logback-core-1.4.14.jar:/home/stef/.m2/repository/org/apache/logging/log4j/log4j-to-slf4j/2.21.1/log4j-to-slf4j-2.21.1.jar:/home/stef/.m2/repository/org/apache/logging/log4j/log4j-api/2.21.1/log4j-api-2.21.1.jar:/home/stef/.m2/repository/org/slf4j/jul-to-slf4j/2.0.11/jul-to-slf4j-2.0.11.jar:/home/stef/.m2/repository/jakarta/annotation/jakarta.annotation-api/2.1.1/jakarta.annotation-api-2.1.1.jar:/home/stef/.m2/repository/org/yaml/snakeyaml/2.2/snakeyaml-2.2.jar:/home/stef/.m2/repository/com/zaxxer/HikariCP/5.0.1/HikariCP-5.0.1.jar:/home/stef/.m2/repository/org/slf4j/slf4j-api/2.0.11/slf4j-api-2.0.11.jar:/home/stef/.m2/repository/org/springframework/spring-jdbc/6.1.3/spring-jdbc-6.1.3.jar:/home/stef/.m2/repository/org/springframework/spring-beans/6.1.3/spring-beans-6.1.3.jar:/home/stef/.m2/repository/org/springframework/spring-tx/6.1.3/spring-tx-6.1.3.jar:/home/stef/.m2/repository/org/springframework/boot/spring-boot-starter-web/3.2.2/spring-boot-starter-web-3.2.2.jar:/home/stef/.m2/repository/org/springframework/boot/spring-boot-starter-json/3.2.2/spring-boot-starter-json-3.2.2.jar:/home/stef/.m2/repository/com/fasterxml/jackson/core/jackson-databind/2.15.3/jackson-databind-2.15.3.jar:/home/stef/.m2/repository/com/fasterxml/jackson/core/jackson-annotations/2.15.3/jackson-annotations-2.15.3.jar:/home/stef/.m2/repository/com/fasterxml/jackson/core/jackson-core/2.15.3/jackson-core-2.15.3.jar:/home/stef/.m2/repository/com/fasterxml/jackson/datatype/jackson-datatype-jdk8/2.15.3/jackson-datatype-jdk8-2.15.3.jar:/home/stef/.m2/repository/com/fasterxml/jackson/datatype/jackson-datatype-jsr310/2.15.3/jackson-datatype-jsr310-2.15.3.jar:/home/stef/.m2/repository/com/fasterxml/jackson/module/jackson-module-parameter-names/2.15.3/jackson-module-parameter-names-2.15.3.jar:/home/stef/.m2/repository/org/springframework/boot/spring-boot-starter-tomcat/3.2.2/spring-boot-starter-tomcat-3.2.2.jar:/home/stef/.m2/repository/org/apache/tomcat/embed/tomcat-embed-core/10.1.18/tomcat-embed-core-10.1.18.jar:/home/stef/.m2/repository/org/apache/tomcat/embed/tomcat-embed-el/10.1.18/tomcat-embed-el-10.1.18.jar:/home/stef/.m2/repository/org/apache/tomcat/embed/tomcat-embed-websocket/10.1.18/tomcat-embed-websocket-10.1.18.jar:/home/stef/.m2/repository/org/springframework/spring-web/6.1.3/spring-web-6.1.3.jar:/home/stef/.m2/repository/io/micrometer/micrometer-observation/1.12.2/micrometer-observation-1.12.2.jar:/home/stef/.m2/repository/io/micrometer/micrometer-commons/1.12.2/micrometer-commons-1.12.2.jar:/home/stef/.m2/repository/org/springframework/spring-webmvc/6.1.3/spring-webmvc-6.1.3.jar:/home/stef/.m2/repository/org/springframework/spring-aop/6.1.3/spring-aop-6.1.3.jar:/home/stef/.m2/repository/org/springframework/spring-context/6.1.3/spring-context-6.1.3.jar:/home/stef/.m2/repository/org/springframework/spring-expression/6.1.3/spring-expression-6.1.3.jar:/home/stef/.m2/repository/com/google/api-client/google-api-client/1.35.0/google-api-client-1.35.0.jar:/home/stef/.m2/repository/com/google/http-client/google-http-client-gson/1.41.8/google-http-client-gson-1.41.8.jar:/home/stef/.m2/repository/com/google/code/gson/gson/2.10.1/gson-2.10.1.jar:/home/stef/.m2/repository/com/google/guava/guava/31.1-jre/guava-31.1-jre.jar:/home/stef/.m2/repository/com/google/guava/failureaccess/1.0.1/failureaccess-1.0.1.jar:/home/stef/.m2/repository/com/google/guava/listenablefuture/9999.0-empty-to-avoid-conflict-with-guava/listenablefuture-9999.0-empty-to-avoid-conflict-with-guava.jar:/home/stef/.m2/repository/com/google/code/findbugs/jsr305/3.0.2/jsr305-3.0.2.jar:/home/stef/.m2/repository/com/google/errorprone/error_prone_annotations/2.11.0/error_prone_annotations-2.11.0.jar:/home/stef/.m2/repository/com/google/j2objc/j2objc-annotations/1.3/j2objc-annotations-1.3.jar:/home/stef/.m2/repository/com/google/http-client/google-http-client-apache-v2/1.41.8/google-http-client-apache-v2-1.41.8.jar:/home/stef/.m2/repository/org/apache/httpcomponents/httpcore/4.4.16/httpcore-4.4.16.jar:/home/stef/.m2/repository/org/apache/httpcomponents/httpclient/4.5.13/httpclient-4.5.13.jar:/home/stef/.m2/repository/commons-codec/commons-codec/1.16.0/commons-codec-1.16.0.jar:/home/stef/.m2/repository/com/google/http-client/google-http-client/1.41.8/google-http-client-1.41.8.jar:/home/stef/.m2/repository/io/opencensus/opencensus-api/0.31.0/opencensus-api-0.31.0.jar:/home/stef/.m2/repository/io/grpc/grpc-context/1.27.2/grpc-context-1.27.2.jar:/home/stef/.m2/repository/io/opencensus/opencensus-contrib-http-util/0.31.0/opencensus-contrib-http-util-0.31.0.jar:/home/stef/.m2/repository/com/google/oauth-client/google-oauth-client/1.35.0/google-oauth-client-1.35.0.jar:/home/stef/.m2/repository/org/springframework/boot/spring-boot-starter-test/3.2.2/spring-boot-starter-test-3.2.2.jar:/home/stef/.m2/repository/org/springframework/boot/spring-boot-test/3.2.2/spring-boot-test-3.2.2.jar:/home/stef/.m2/repository/org/springframework/boot/spring-boot-test-autoconfigure/3.2.2/spring-boot-test-autoconfigure-3.2.2.jar:/home/stef/.m2/repository/com/jayway/jsonpath/json-path/2.8.0/json-path-2.8.0.jar:/home/stef/.m2/repository/jakarta/xml/bind/jakarta.xml.bind-api/4.0.1/jakarta.xml.bind-api-4.0.1.jar:/home/stef/.m2/repository/jakarta/activation/jakarta.activation-api/2.1.2/jakarta.activation-api-2.1.2.jar:/home/stef/.m2/repository/net/minidev/json-smart/2.5.0/json-smart-2.5.0.jar:/home/stef/.m2/repository/net/minidev/accessors-smart/2.5.0/accessors-smart-2.5.0.jar:/home/stef/.m2/repository/org/ow2/asm/asm/9.3/asm-9.3.jar:/home/stef/.m2/repository/org/assertj/assertj-core/3.24.2/assertj-core-3.24.2.jar:/home/stef/.m2/repository/net/bytebuddy/byte-buddy/1.14.11/byte-buddy-1.14.11.jar:/home/stef/.m2/repository/org/awaitility/awaitility/4.2.0/awaitility-4.2.0.jar:/home/stef/.m2/repository/org/hamcrest/hamcrest/2.2/hamcrest-2.2.jar:/home/stef/.m2/repository/org/junit/jupiter/junit-jupiter/5.10.1/junit-jupiter-5.10.1.jar:/home/stef/.m2/repository/org/junit/jupiter/junit-jupiter-api/5.10.1/junit-jupiter-api-5.10.1.jar:/home/stef/.m2/repository/org/opentest4j/opentest4j/1.3.0/opentest4j-1.3.0.jar:/home/stef/.m2/repository/org/junit/platform/junit-platform-commons/1.10.1/junit-platform-commons-1.10.1.jar:/home/stef/.m2/repository/org/apiguardian/apiguardian-api/1.1.2/apiguardian-api-1.1.2.jar:/home/stef/.m2/repository/org/junit/jupiter/junit-jupiter-params/5.10.1/junit-jupiter-params-5.10.1.jar:/home/stef/.m2/repository/org/junit/jupiter/junit-jupiter-engine/5.10.1/junit-jupiter-engine-5.10.1.jar:/home/stef/.m2/repository/org/junit/platform/junit-platform-engine/1.10.1/junit-platform-engine-1.10.1.jar:/home/stef/.m2/repository/org/mockito/mockito-core/5.7.0/mockito-core-5.7.0.jar:/home/stef/.m2/repository/net/bytebuddy/byte-buddy-agent/1.14.11/byte-buddy-agent-1.14.11.jar:/home/stef/.m2/repository/org/objenesis/objenesis/3.3/objenesis-3.3.jar:/home/stef/.m2/repository/org/mockito/mockito-junit-jupiter/5.7.0/mockito-junit-jupiter-5.7.0.jar:/home/stef/.m2/repository/org/skyscreamer/jsonassert/1.5.1/jsonassert-1.5.1.jar:/home/stef/.m2/repository/com/vaadin/external/google/android-json/0.0.20131108.vaadin1/android-json-0.0.20131108.vaadin1.jar:/home/stef/.m2/repository/org/springframework/spring-core/6.1.3/spring-core-6.1.3.jar:/home/stef/.m2/repository/org/springframework/spring-jcl/6.1.3/spring-jcl-6.1.3.jar:/home/stef/.m2/repository/org/springframework/spring-test/6.1.3/spring-test-6.1.3.jar:/home/stef/.m2/repository/org/xmlunit/xmlunit-core/2.9.1/xmlunit-core-2.9.1.jar:/home/stef/.m2/repository/com/h2database/h2/2.2.224/h2-2.2.224.jar:"/>
    <property name="sun.cpu.endian" value="little"/>
    <property name="user.home" value="/home/stef"/>
    <property name="user.language" value="en"/>
    <property name="java.specification.vendor" value="Oracle Corporation"/>
    <property name="java.version.date" value="2024-01-16"/>
    <property name="java.home" value="/usr/lib/jvm/java-21-openjdk"/>
    <property name="file.separator" value="/"/>
    <property name="basedir" value="/home/stef/projects/under-pressure-backend/backend"/>
    <property name="java.vm.compressedOopsMode" value="32-bit"/>
    <property name="line.separator" value="&#10;"/>
    <property name="java.vm.specification.vendor" value="Oracle Corporation"/>
    <property name="java.specification.name" value="Java Platform API Specification"/>
    <property name="FILE_LOG_CHARSET" value="UTF-8"/>
    <property name="java.awt.headless" value="true"/>
    <property name="surefire.real.class.path" value="/home/stef/projects/under-pressure-backend/backend/target/surefire/surefirebooter-20240208134604761_3.jar"/>
    <property name="sun.management.compiler" value="HotSpot 64-Bit Tiered Compilers"/>
    <property name="java.runtime.version" value="21.0.2+13"/>
    <property name="user.name" value="stef"/>
    <property name="stdout.encoding" value="UTF-8"/>
    <property name="path.separator" value=":"/>
    <property name="os.version" value="6.7.0-arch3-1"/>
    <property name="java.runtime.name" value="OpenJDK Runtime Environment"/>
    <property name="file.encoding" value="UTF-8"/>
    <property name="java.vm.name" value="OpenJDK 64-Bit Server VM"/>
    <property name="localRepository" value="/home/stef/.m2/repository"/>
    <property name="java.vendor.url.bug" value="https://bugreport.java.com/bugreport/"/>
    <property name="java.io.tmpdir" value="/tmp"/>
    <property name="java.version" value="21.0.2"/>
    <property name="user.dir" value="/home/stef/projects/under-pressure-backend/backend"/>
    <property name="os.arch" value="amd64"/>
    <property name="java.vm.specification.name" value="Java Virtual Machine Specification"/>
    <property name="PID" value="157082"/>
    <property name="CONSOLE_LOG_CHARSET" value="UTF-8"/>
    <property name="native.encoding" value="UTF-8"/>
    <property name="java.library.path" value="/usr/java/packages/lib:/usr/lib64:/lib64:/lib:/usr/lib"/>
    <property name="java.vm.info" value="mixed mode, sharing"/>
    <property name="stderr.encoding" value="UTF-8"/>
    <property name="java.vendor" value="N/A"/>
    <property name="java.vm.version" value="21.0.2+13"/>
    <property name="sun.io.unicode.encoding" value="UnicodeLittle"/>
    <property name="java.class.version" value="65.0"/>
  </properties>
  <testcase name="Should_Update_Entry_When_Request_Valid" classname="com.underpressure.backend.controllers.data.UpdateEntryControllerTests" time="0.207">
    <system-out><![CDATA[2024-02-08T13:46:10.973+02:00  INFO 157082 --- [           main] t.c.s.AnnotationConfigContextLoaderUtils : Could not detect default configuration classes for test class [com.underpressure.backend.controllers.data.UpdateEntryControllerTests]: UpdateEntryControllerTests does not declare any static, non-private, non-final, nested classes annotated with @Configuration.
2024-02-08T13:46:10.992+02:00  INFO 157082 --- [           main] .b.t.c.SpringBootTestContextBootstrapper : Found @SpringBootConfiguration com.underpressure.backend.BackendApplication for test class com.underpressure.backend.controllers.data.UpdateEntryControllerTests

  .   ____          _            __ _ _
 /\\ / ___'_ __ _ _(_)_ __  __ _ \ \ \ \
( ( )\___ | '_ | '_| | '_ \/ _` | \ \ \ \
 \\/  ___)| |_)| | | | | || (_| |  ) ) ) )
  '  |____| .__|_| |_|_| |_\__, | / / / /
 =========|_|==============|___/=/_/_/_/
 :: Spring Boot ::                (v3.2.2)

2024-02-08T13:46:11.020+02:00  INFO 157082 --- [           main] c.u.b.c.data.UpdateEntryControllerTests  : Starting UpdateEntryControllerTests using Java 21.0.2 with PID 157082 (started by stef in /home/stef/projects/under-pressure-backend/backend)
2024-02-08T13:46:11.021+02:00  INFO 157082 --- [           main] c.u.b.c.data.UpdateEntryControllerTests  : No active profile set, falling back to 1 default profile: "default"
2024-02-08T13:46:11.154+02:00  INFO 157082 --- [           main] beddedDataSourceBeanFactoryPostProcessor : Replacing 'dataSource' DataSource bean with embedded version
2024-02-08T13:46:11.217+02:00  INFO 157082 --- [           main] o.s.j.d.e.EmbeddedDatabaseFactory        : Starting embedded database: url='jdbc:h2:mem:e99693d9-bf22-4ca6-9516-5357dd813830;DB_CLOSE_DELAY=-1;DB_CLOSE_ON_EXIT=false', username='sa'
2024-02-08T13:46:11.479+02:00  INFO 157082 --- [           main] c.u.b.c.data.UpdateEntryControllerTests  : Started UpdateEntryControllerTests in 0.483 seconds (process running for 6.588)
]]></system-out>
  </testcase>
  <testcase name="Should_Result_In_Not_Found_Exception_When_Stress_Level_Out_Of_Range" classname="com.underpressure.backend.controllers.data.UpdateEntryControllerTests" time="0.05">
    <system-out><![CDATA[
  .   ____          _            __ _ _
 /\\ / ___'_ __ _ _(_)_ __  __ _ \ \ \ \
( ( )\___ | '_ | '_| | '_ \/ _` | \ \ \ \
 \\/  ___)| |_)| | | | | || (_| |  ) ) ) )
  '  |____| .__|_| |_|_| |_\__, | / / / /
 =========|_|==============|___/=/_/_/_/
 :: Spring Boot ::                (v3.2.2)

2024-02-08T13:46:11.707+02:00  INFO 157082 --- [           main] c.u.b.c.data.UpdateEntryControllerTests  : Starting UpdateEntryControllerTests using Java 21.0.2 with PID 157082 (started by stef in /home/stef/projects/under-pressure-backend/backend)
2024-02-08T13:46:11.707+02:00  INFO 157082 --- [           main] c.u.b.c.data.UpdateEntryControllerTests  : No active profile set, falling back to 1 default profile: "default"
2024-02-08T13:46:11.792+02:00  INFO 157082 --- [           main] beddedDataSourceBeanFactoryPostProcessor : Replacing 'dataSource' DataSource bean with embedded version
2024-02-08T13:46:11.806+02:00  INFO 157082 --- [           main] o.s.j.d.e.EmbeddedDatabaseFactory        : Starting embedded database: url='jdbc:h2:mem:4e032b78-f971-43a3-8294-704c417f9a03;DB_CLOSE_DELAY=-1;DB_CLOSE_ON_EXIT=false', username='sa'
2024-02-08T13:46:11.830+02:00  INFO 157082 --- [           main] c.u.b.c.data.UpdateEntryControllerTests  : Started UpdateEntryControllerTests in 0.138 seconds (process running for 6.939)
]]></system-out>
  </testcase>
  <testcase name="Should_Result_In_Bad_REQUEST_When_StressLevel_Null" classname="com.underpressure.backend.controllers.data.UpdateEntryControllerTests" time="0.019">
    <system-out><![CDATA[
  .   ____          _            __ _ _
 /\\ / ___'_ __ _ _(_)_ __  __ _ \ \ \ \
( ( )\___ | '_ | '_| | '_ \/ _` | \ \ \ \
 \\/  ___)| |_)| | | | | || (_| |  ) ) ) )
  '  |____| .__|_| |_|_| |_\__, | / / / /
 =========|_|==============|___/=/_/_/_/
 :: Spring Boot ::                (v3.2.2)

2024-02-08T13:46:11.924+02:00  INFO 157082 --- [           main] c.u.b.c.data.UpdateEntryControllerTests  : Starting UpdateEntryControllerTests using Java 21.0.2 with PID 157082 (started by stef in /home/stef/projects/under-pressure-backend/backend)
2024-02-08T13:46:11.924+02:00  INFO 157082 --- [           main] c.u.b.c.data.UpdateEntryControllerTests  : No active profile set, falling back to 1 default profile: "default"
2024-02-08T13:46:11.981+02:00  INFO 157082 --- [           main] beddedDataSourceBeanFactoryPostProcessor : Replacing 'dataSource' DataSource bean with embedded version
2024-02-08T13:46:11.991+02:00  INFO 157082 --- [           main] o.s.j.d.e.EmbeddedDatabaseFactory        : Starting embedded database: url='jdbc:h2:mem:f6abdc40-ae0d-40ee-8276-93fe80f0210a;DB_CLOSE_DELAY=-1;DB_CLOSE_ON_EXIT=false', username='sa'
2024-02-08T13:46:12.012+02:00  INFO 157082 --- [           main] c.u.b.c.data.UpdateEntryControllerTests  : Started UpdateEntryControllerTests in 0.123 seconds (process running for 7.121)
]]></system-out>
  </testcase>
  <testcase name="Should_Result_In_Bad_Request_When_Unfollowed" classname="com.underpressure.backend.controllers.data.UpdateEntryControllerTests" time="0.023">
    <system-out><![CDATA[
  .   ____          _            __ _ _
 /\\ / ___'_ __ _ _(_)_ __  __ _ \ \ \ \
( ( )\___ | '_ | '_| | '_ \/ _` | \ \ \ \
 \\/  ___)| |_)| | | | | || (_| |  ) ) ) )
  '  |____| .__|_| |_|_| |_\__, | / / / /
 =========|_|==============|___/=/_/_/_/
 :: Spring Boot ::                (v3.2.2)

2024-02-08T13:46:12.063+02:00  INFO 157082 --- [           main] c.u.b.c.data.UpdateEntryControllerTests  : Starting UpdateEntryControllerTests using Java 21.0.2 with PID 157082 (started by stef in /home/stef/projects/under-pressure-backend/backend)
2024-02-08T13:46:12.064+02:00  INFO 157082 --- [           main] c.u.b.c.data.UpdateEntryControllerTests  : No active profile set, falling back to 1 default profile: "default"
2024-02-08T13:46:12.164+02:00  INFO 157082 --- [           main] beddedDataSourceBeanFactoryPostProcessor : Replacing 'dataSource' DataSource bean with embedded version
2024-02-08T13:46:12.181+02:00  INFO 157082 --- [           main] o.s.j.d.e.EmbeddedDatabaseFactory        : Starting embedded database: url='jdbc:h2:mem:b6a29262-01c8-411b-a222-92917a0a12ea;DB_CLOSE_DELAY=-1;DB_CLOSE_ON_EXIT=false', username='sa'
2024-02-08T13:46:12.223+02:00  INFO 157082 --- [           main] c.u.b.c.data.UpdateEntryControllerTests  : Started UpdateEntryControllerTests in 0.184 seconds (process running for 7.332)
]]></system-out>
  </testcase>
  <testcase name="Should_Result_In_NOT_FOUND_Exception_When_User_Not_Found" classname="com.underpressure.backend.controllers.data.UpdateEntryControllerTests" time="0.04">
    <system-out><![CDATA[
  .   ____          _            __ _ _
 /\\ / ___'_ __ _ _(_)_ __  __ _ \ \ \ \
( ( )\___ | '_ | '_| | '_ \/ _` | \ \ \ \
 \\/  ___)| |_)| | | | | || (_| |  ) ) ) )
  '  |____| .__|_| |_|_| |_\__, | / / / /
 =========|_|==============|___/=/_/_/_/
 :: Spring Boot ::                (v3.2.2)

2024-02-08T13:46:12.280+02:00  INFO 157082 --- [           main] c.u.b.c.data.UpdateEntryControllerTests  : Starting UpdateEntryControllerTests using Java 21.0.2 with PID 157082 (started by stef in /home/stef/projects/under-pressure-backend/backend)
2024-02-08T13:46:12.281+02:00  INFO 157082 --- [           main] c.u.b.c.data.UpdateEntryControllerTests  : No active profile set, falling back to 1 default profile: "default"
2024-02-08T13:46:12.381+02:00  INFO 157082 --- [           main] beddedDataSourceBeanFactoryPostProcessor : Replacing 'dataSource' DataSource bean with embedded version
2024-02-08T13:46:12.395+02:00  INFO 157082 --- [           main] o.s.j.d.e.EmbeddedDatabaseFactory        : Starting embedded database: url='jdbc:h2:mem:47f12a73-c963-421d-80b8-f620fbdbcb2e;DB_CLOSE_DELAY=-1;DB_CLOSE_ON_EXIT=false', username='sa'
2024-02-08T13:46:12.423+02:00  INFO 157082 --- [           main] c.u.b.c.data.UpdateEntryControllerTests  : Started UpdateEntryControllerTests in 0.168 seconds (process running for 7.532)
]]></system-out>
  </testcase>
  <testcase name="Should_Result_In_NOT_FOUND_Exception_When_Subject_Not_Found" classname="com.underpressure.backend.controllers.data.UpdateEntryControllerTests" time="0.024">
    <system-out><![CDATA[
  .   ____          _            __ _ _
 /\\ / ___'_ __ _ _(_)_ __  __ _ \ \ \ \
( ( )\___ | '_ | '_| | '_ \/ _` | \ \ \ \
 \\/  ___)| |_)| | | | | || (_| |  ) ) ) )
  '  |____| .__|_| |_|_| |_\__, | / / / /
 =========|_|==============|___/=/_/_/_/
 :: Spring Boot ::                (v3.2.2)

2024-02-08T13:46:12.501+02:00  INFO 157082 --- [           main] c.u.b.c.data.UpdateEntryControllerTests  : Starting UpdateEntryControllerTests using Java 21.0.2 with PID 157082 (started by stef in /home/stef/projects/under-pressure-backend/backend)
2024-02-08T13:46:12.502+02:00  INFO 157082 --- [           main] c.u.b.c.data.UpdateEntryControllerTests  : No active profile set, falling back to 1 default profile: "default"
2024-02-08T13:46:12.590+02:00  INFO 157082 --- [           main] beddedDataSourceBeanFactoryPostProcessor : Replacing 'dataSource' DataSource bean with embedded version
2024-02-08T13:46:12.606+02:00  INFO 157082 --- [           main] o.s.j.d.e.EmbeddedDatabaseFactory        : Starting embedded database: url='jdbc:h2:mem:54a76073-f865-454e-863d-5ca947472cd3;DB_CLOSE_DELAY=-1;DB_CLOSE_ON_EXIT=false', username='sa'
2024-02-08T13:46:12.638+02:00  INFO 157082 --- [           main] c.u.b.c.data.UpdateEntryControllerTests  : Started UpdateEntryControllerTests in 0.165 seconds (process running for 7.746)
]]></system-out>
  </testcase>
  <testcase name="Should_Result_In_Bad_Request_When_Not_Followed" classname="com.underpressure.backend.controllers.data.UpdateEntryControllerTests" time="0.023">
    <system-out><![CDATA[
  .   ____          _            __ _ _
 /\\ / ___'_ __ _ _(_)_ __  __ _ \ \ \ \
( ( )\___ | '_ | '_| | '_ \/ _` | \ \ \ \
 \\/  ___)| |_)| | | | | || (_| |  ) ) ) )
  '  |____| .__|_| |_|_| |_\__, | / / / /
 =========|_|==============|___/=/_/_/_/
 :: Spring Boot ::                (v3.2.2)

2024-02-08T13:46:12.692+02:00  INFO 157082 --- [           main] c.u.b.c.data.UpdateEntryControllerTests  : Starting UpdateEntryControllerTests using Java 21.0.2 with PID 157082 (started by stef in /home/stef/projects/under-pressure-backend/backend)
2024-02-08T13:46:12.693+02:00  INFO 157082 --- [           main] c.u.b.c.data.UpdateEntryControllerTests  : No active profile set, falling back to 1 default profile: "default"
2024-02-08T13:46:12.782+02:00  INFO 157082 --- [           main] beddedDataSourceBeanFactoryPostProcessor : Replacing 'dataSource' DataSource bean with embedded version
2024-02-08T13:46:12.794+02:00  INFO 157082 --- [           main] o.s.j.d.e.EmbeddedDatabaseFactory        : Starting embedded database: url='jdbc:h2:mem:6e31f344-cb16-4cab-9654-471ce9e2016c;DB_CLOSE_DELAY=-1;DB_CLOSE_ON_EXIT=false', username='sa'
2024-02-08T13:46:12.828+02:00  INFO 157082 --- [           main] c.u.b.c.data.UpdateEntryControllerTests  : Started UpdateEntryControllerTests in 0.159 seconds (process running for 7.936)
]]></system-out>
  </testcase>
  <testcase name="Should_Result_In_BAD_REQUEST_When_SubjectName_Null" classname="com.underpressure.backend.controllers.data.UpdateEntryControllerTests" time="0.021">
    <system-out><![CDATA[
  .   ____          _            __ _ _
 /\\ / ___'_ __ _ _(_)_ __  __ _ \ \ \ \
( ( )\___ | '_ | '_| | '_ \/ _` | \ \ \ \
 \\/  ___)| |_)| | | | | || (_| |  ) ) ) )
  '  |____| .__|_| |_|_| |_\__, | / / / /
 =========|_|==============|___/=/_/_/_/
 :: Spring Boot ::                (v3.2.2)

2024-02-08T13:46:12.877+02:00  INFO 157082 --- [           main] c.u.b.c.data.UpdateEntryControllerTests  : Starting UpdateEntryControllerTests using Java 21.0.2 with PID 157082 (started by stef in /home/stef/projects/under-pressure-backend/backend)
2024-02-08T13:46:12.878+02:00  INFO 157082 --- [           main] c.u.b.c.data.UpdateEntryControllerTests  : No active profile set, falling back to 1 default profile: "default"
2024-02-08T13:46:12.952+02:00  INFO 157082 --- [           main] beddedDataSourceBeanFactoryPostProcessor : Replacing 'dataSource' DataSource bean with embedded version
2024-02-08T13:46:12.968+02:00  INFO 157082 --- [           main] o.s.j.d.e.EmbeddedDatabaseFactory        : Starting embedded database: url='jdbc:h2:mem:67635aa5-7eb1-4a54-8dc1-8be8f898e28f;DB_CLOSE_DELAY=-1;DB_CLOSE_ON_EXIT=false', username='sa'
2024-02-08T13:46:13.003+02:00  INFO 157082 --- [           main] c.u.b.c.data.UpdateEntryControllerTests  : Started UpdateEntryControllerTests in 0.144 seconds (process running for 8.112)
]]></system-out>
  </testcase>
  <testcase name="Should_Result_In_UNAUTHORIZED_When_BearerToken_Null" classname="com.underpressure.backend.controllers.data.UpdateEntryControllerTests" time="0.023">
    <system-out><![CDATA[
  .   ____          _            __ _ _
 /\\ / ___'_ __ _ _(_)_ __  __ _ \ \ \ \
( ( )\___ | '_ | '_| | '_ \/ _` | \ \ \ \
 \\/  ___)| |_)| | | | | || (_| |  ) ) ) )
  '  |____| .__|_| |_|_| |_\__, | / / / /
 =========|_|==============|___/=/_/_/_/
 :: Spring Boot ::                (v3.2.2)

2024-02-08T13:46:13.053+02:00  INFO 157082 --- [           main] c.u.b.c.data.UpdateEntryControllerTests  : Starting UpdateEntryControllerTests using Java 21.0.2 with PID 157082 (started by stef in /home/stef/projects/under-pressure-backend/backend)
2024-02-08T13:46:13.053+02:00  INFO 157082 --- [           main] c.u.b.c.data.UpdateEntryControllerTests  : No active profile set, falling back to 1 default profile: "default"
2024-02-08T13:46:13.131+02:00  INFO 157082 --- [           main] beddedDataSourceBeanFactoryPostProcessor : Replacing 'dataSource' DataSource bean with embedded version
2024-02-08T13:46:13.147+02:00  INFO 157082 --- [           main] o.s.j.d.e.EmbeddedDatabaseFactory        : Starting embedded database: url='jdbc:h2:mem:71040ca5-19db-4209-a41b-9d18cfb62b03;DB_CLOSE_DELAY=-1;DB_CLOSE_ON_EXIT=false', username='sa'
2024-02-08T13:46:13.187+02:00  INFO 157082 --- [           main] c.u.b.c.data.UpdateEntryControllerTests  : Started UpdateEntryControllerTests in 0.156 seconds (process running for 8.295)
]]></system-out>
  </testcase>
  <testcase name="Should_Add_Entry_When_Request_Valid" classname="com.underpressure.backend.controllers.data.UpdateEntryControllerTests" time="0.031">
    <system-out><![CDATA[
  .   ____          _            __ _ _
 /\\ / ___'_ __ _ _(_)_ __  __ _ \ \ \ \
( ( )\___ | '_ | '_| | '_ \/ _` | \ \ \ \
 \\/  ___)| |_)| | | | | || (_| |  ) ) ) )
  '  |____| .__|_| |_|_| |_\__, | / / / /
 =========|_|==============|___/=/_/_/_/
 :: Spring Boot ::                (v3.2.2)

2024-02-08T13:46:13.251+02:00  INFO 157082 --- [           main] c.u.b.c.data.UpdateEntryControllerTests  : Starting UpdateEntryControllerTests using Java 21.0.2 with PID 157082 (started by stef in /home/stef/projects/under-pressure-backend/backend)
2024-02-08T13:46:13.251+02:00  INFO 157082 --- [           main] c.u.b.c.data.UpdateEntryControllerTests  : No active profile set, falling back to 1 default profile: "default"
2024-02-08T13:46:13.345+02:00  INFO 157082 --- [           main] beddedDataSourceBeanFactoryPostProcessor : Replacing 'dataSource' DataSource bean with embedded version
2024-02-08T13:46:13.359+02:00  INFO 157082 --- [           main] o.s.j.d.e.EmbeddedDatabaseFactory        : Starting embedded database: url='jdbc:h2:mem:b39b2277-1994-4c7f-ab29-c313d5979590;DB_CLOSE_DELAY=-1;DB_CLOSE_ON_EXIT=false', username='sa'
2024-02-08T13:46:13.393+02:00  INFO 157082 --- [           main] c.u.b.c.data.UpdateEntryControllerTests  : Started UpdateEntryControllerTests in 0.174 seconds (process running for 8.502)
]]></system-out>
  </testcase>
</testsuite>