<?xml version="1.0" encoding="UTF-8"?>
<testsuite xmlns:xsi="http://www.w3.org/2001/XMLSchema-instance" xsi:noNamespaceSchemaLocation="https://maven.apache.org/surefire/maven-surefire-plugin/xsd/surefire-test-report-3.0.xsd" version="3.0" name="com.underpressure.backend.controllers.web.AuthenticationControllerTests" time="0.442" tests="1" errors="0" skipped="0" failures="0">
  <properties>
    <property name="java.specification.version" value="21"/>
    <property name="sun.jnu.encoding" value="UTF-8"/>
    <property name="java.class.path" value="/home/stef/projects/under-pressure-backend/backend/target/test-classes:/home/stef/projects/under-pressure-backend/backend/target/classes:/home/stef/.m2/repository/org/postgresql/postgresql/42.6.0/postgresql-42.6.0.jar:/home/stef/.m2/repository/org/checkerframework/checker-qual/3.31.0/checker-qual-3.31.0.jar:/home/stef/.m2/repository/org/springframework/boot/spring-boot-starter-jdbc/3.2.2/spring-boot-starter-jdbc-3.2.2.jar:/home/stef/.m2/repository/org/springframework/boot/spring-boot-starter/3.2.2/spring-boot-starter-3.2.2.jar:/home/stef/.m2/repository/org/springframework/boot/spring-boot/3.2.2/spring-boot-3.2.2.jar:/home/stef/.m2/repository/org/springframework/boot/spring-boot-autoconfigure/3.2.2/spring-boot-autoconfigure-3.2.2.jar:/home/stef/.m2/repository/org/springframework/boot/spring-boot-starter-logging/3.2.2/spring-boot-starter-logging-3.2.2.jar:/home/stef/.m2/repository/ch/qos/logback/logback-classic/1.4.14/logback-classic-1.4.14.jar:/home/stef/.m2/repository/ch/qos/logback/logback-core/1.4.14/logback-core-1.4.14.jar:/home/stef/.m2/repository/org/apache/logging/log4j/log4j-to-slf4j/2.21.1/log4j-to-slf4j-2.21.1.jar:/home/stef/.m2/repository/org/apache/logging/log4j/log4j-api/2.21.1/log4j-api-2.21.1.jar:/home/stef/.m2/repository/org/slf4j/jul-to-slf4j/2.0.11/jul-to-slf4j-2.0.11.jar:/home/stef/.m2/repository/jakarta/annotation/jakarta.annotation-api/2.1.1/jakarta.annotation-api-2.1.1.jar:/home/stef/.m2/repository/org/yaml/snakeyaml/2.2/snakeyaml-2.2.jar:/home/stef/.m2/repository/com/zaxxer/HikariCP/5.0.1/HikariCP-5.0.1.jar:/home/stef/.m2/repository/org/slf4j/slf4j-api/2.0.11/slf4j-api-2.0.11.jar:/home/stef/.m2/repository/org/springframework/spring-jdbc/6.1.3/spring-jdbc-6.1.3.jar:/home/stef/.m2/repository/org/springframework/spring-beans/6.1.3/spring-beans-6.1.3.jar:/home/stef/.m2/repository/org/springframework/spring-tx/6.1.3/spring-tx-6.1.3.jar:/home/stef/.m2/repository/org/springframework/boot/spring-boot-starter-web/3.2.2/spring-boot-starter-web-3.2.2.jar:/home/stef/.m2/repository/org/springframework/boot/spring-boot-starter-json/3.2.2/spring-boot-starter-json-3.2.2.jar:/home/stef/.m2/repository/com/fasterxml/jackson/core/jackson-databind/2.15.3/jackson-databind-2.15.3.jar:/home/stef/.m2/repository/com/fasterxml/jackson/core/jackson-annotations/2.15.3/jackson-annotations-2.15.3.jar:/home/stef/.m2/repository/com/fasterxml/jackson/core/jackson-core/2.15.3/jackson-core-2.15.3.jar:/home/stef/.m2/repository/com/fasterxml/jackson/datatype/jackson-datatype-jdk8/2.15.3/jackson-datatype-jdk8-2.15.3.jar:/home/stef/.m2/repository/com/fasterxml/jackson/datatype/jackson-datatype-jsr310/2.15.3/jackson-datatype-jsr310-2.15.3.jar:/home/stef/.m2/repository/com/fasterxml/jackson/module/jackson-module-parameter-names/2.15.3/jackson-module-parameter-names-2.15.3.jar:/home/stef/.m2/repository/org/springframework/boot/spring-boot-starter-tomcat/3.2.2/spring-boot-starter-tomcat-3.2.2.jar:/home/stef/.m2/repository/org/apache/tomcat/embed/tomcat-embed-core/10.1.18/tomcat-embed-core-10.1.18.jar:/home/stef/.m2/repository/org/apache/tomcat/embed/tomcat-embed-el/10.1.18/tomcat-embed-el-10.1.18.jar:/home/stef/.m2/repository/org/apache/tomcat/embed/tomcat-embed-websocket/10.1.18/tomcat-embed-websocket-10.1.18.jar:/home/stef/.m2/repository/org/springframework/spring-web/6.1.3/spring-web-6.1.3.jar:/home/stef/.m2/repository/io/micrometer/micrometer-observation/1.12.2/micrometer-observation-1.12.2.jar:/home/stef/.m2/repository/io/micrometer/micrometer-commons/1.12.2/micrometer-commons-1.12.2.jar:/home/stef/.m2/repository/org/springframework/spring-webmvc/6.1.3/spring-webmvc-6.1.3.jar:/home/stef/.m2/repository/org/springframework/spring-aop/6.1.3/spring-aop-6.1.3.jar:/home/stef/.m2/repository/org/springframework/spring-context/6.1.3/spring-context-6.1.3.jar:/home/stef/.m2/repository/org/springframework/spring-expression/6.1.3/spring-expression-6.1.3.jar:/home/stef/.m2/repository/com/google/api-client/google-api-client/1.35.0/google-api-client-1.35.0.jar:/home/stef/.m2/repository/com/google/http-client/google-http-client-gson/1.41.8/google-http-client-gson-1.41.8.jar:/home/stef/.m2/repository/com/google/code/gson/gson/2.10.1/gson-2.10.1.jar:/home/stef/.m2/repository/com/google/guava/guava/31.1-jre/guava-31.1-jre.jar:/home/stef/.m2/repository/com/google/guava/failureaccess/1.0.1/failureaccess-1.0.1.jar:/home/stef/.m2/repository/com/google/guava/listenablefuture/9999.0-empty-to-avoid-conflict-with-guava/listenablefuture-9999.0-empty-to-avoid-conflict-with-guava.jar:/home/stef/.m2/repository/com/google/code/findbugs/jsr305/3.0.2/jsr305-3.0.2.jar:/home/stef/.m2/repository/com/google/errorprone/error_prone_annotations/2.11.0/error_prone_annotations-2.11.0.jar:/home/stef/.m2/repository/com/google/j2objc/j2objc-annotations/1.3/j2objc-annotations-1.3.jar:/home/stef/.m2/repository/com/google/http-client/google-http-client-apache-v2/1.41.8/google-http-client-apache-v2-1.41.8.jar:/home/stef/.m2/repository/org/apache/httpcomponents/httpcore/4.4.16/httpcore-4.4.16.jar:/home/stef/.m2/repository/org/apache/httpcomponents/httpclient/4.5.13/httpclient-4.5.13.jar:/home/stef/.m2/repository/commons-codec/commons-codec/1.16.0/commons-codec-1.16.0.jar:/home/stef/.m2/repository/com/google/http-client/google-http-client/1.41.8/google-http-client-1.41.8.jar:/home/stef/.m2/repository/io/opencensus/opencensus-api/0.31.0/opencensus-api-0.31.0.jar:/home/stef/.m2/repository/io/grpc/grpc-context/1.27.2/grpc-context-1.27.2.jar:/home/stef/.m2/repository/io/opencensus/opencensus-contrib-http-util/0.31.0/opencensus-contrib-http-util-0.31.0.jar:/home/stef/.m2/repository/com/google/oauth-client/google-oauth-client/1.35.0/google-oauth-client-1.35.0.jar:/home/stef/.m2/repository/org/springframework/boot/spring-boot-starter-test/3.2.2/spring-boot-starter-test-3.2.2.jar:/home/stef/.m2/repository/org/springframework/boot/spring-boot-test/3.2.2/spring-boot-test-3.2.2.jar:/home/stef/.m2/repository/org/springframework/boot/spring-boot-test-autoconfigure/3.2.2/spring-boot-test-autoconfigure-3.2.2.jar:/home/stef/.m2/repository/com/jayway/jsonpath/json-path/2.8.0/json-path-2.8.0.jar:/home/stef/.m2/repository/jakarta/xml/bind/jakarta.xml.bind-api/4.0.1/jakarta.xml.bind-api-4.0.1.jar:/home/stef/.m2/repository/jakarta/activation/jakarta.activation-api/2.1.2/jakarta.activation-api-2.1.2.jar:/home/stef/.m2/repository/net/minidev/json-smart/2.5.0/json-smart-2.5.0.jar:/home/stef/.m2/repository/net/minidev/accessors-smart/2.5.0/accessors-smart-2.5.0.jar:/home/stef/.m2/repository/org/ow2/asm/asm/9.3/asm-9.3.jar:/home/stef/.m2/repository/org/assertj/assertj-core/3.24.2/assertj-core-3.24.2.jar:/home/stef/.m2/repository/net/bytebuddy/byte-buddy/1.14.11/byte-buddy-1.14.11.jar:/home/stef/.m2/repository/org/awaitility/awaitility/4.2.0/awaitility-4.2.0.jar:/home/stef/.m2/repository/org/hamcrest/hamcrest/2.2/hamcrest-2.2.jar:/home/stef/.m2/repository/org/junit/jupiter/junit-jupiter/5.10.1/junit-jupiter-5.10.1.jar:/home/stef/.m2/repository/org/junit/jupiter/junit-jupiter-api/5.10.1/junit-jupiter-api-5.10.1.jar:/home/stef/.m2/repository/org/opentest4j/opentest4j/1.3.0/opentest4j-1.3.0.jar:/home/stef/.m2/repository/org/junit/platform/junit-platform-commons/1.10.1/junit-platform-commons-1.10.1.jar:/home/stef/.m2/repository/org/apiguardian/apiguardian-api/1.1.2/apiguardian-api-1.1.2.jar:/home/stef/.m2/repository/org/junit/jupiter/junit-jupiter-params/5.10.1/junit-jupiter-params-5.10.1.jar:/home/stef/.m2/repository/org/junit/jupiter/junit-jupiter-engine/5.10.1/junit-jupiter-engine-5.10.1.jar:/home/stef/.m2/repository/org/junit/platform/junit-platform-engine/1.10.1/junit-platform-engine-1.10.1.jar:/home/stef/.m2/repository/org/mockito/mockito-core/5.7.0/mockito-core-5.7.0.jar:/home/stef/.m2/repository/net/bytebuddy/byte-buddy-agent/1.14.11/byte-buddy-agent-1.14.11.jar:/home/stef/.m2/repository/org/objenesis/objenesis/3.3/objenesis-3.3.jar:/home/stef/.m2/repository/org/mockito/mockito-junit-jupiter/5.7.0/mockito-junit-jupiter-5.7.0.jar:/home/stef/.m2/repository/org/skyscreamer/jsonassert/1.5.1/jsonassert-1.5.1.jar:/home/stef/.m2/repository/com/vaadin/external/google/android-json/0.0.20131108.vaadin1/android-json-0.0.20131108.vaadin1.jar:/home/stef/.m2/repository/org/springframework/spring-core/6.1.3/spring-core-6.1.3.jar:/home/stef/.m2/repository/org/springframework/spring-jcl/6.1.3/spring-jcl-6.1.3.jar:/home/stef/.m2/repository/org/springframework/spring-test/6.1.3/spring-test-6.1.3.jar:/home/stef/.m2/repository/org/xmlunit/xmlunit-core/2.9.1/xmlunit-core-2.9.1.jar:/home/stef/.m2/repository/com/h2database/h2/2.2.224/h2-2.2.224.jar:"/>
    <property name="java.vm.vendor" value="Oracle Corporation"/>
    <property name="sun.arch.data.model" value="64"/>
    <property name="java.vendor.url" value="https://openjdk.org/"/>
    <property name="user.timezone" value="Europe/Tallinn"/>
    <property name="os.name" value="Linux"/>
    <property name="java.vm.specification.version" value="21"/>
    <property name="sun.java.launcher" value="SUN_STANDARD"/>
    <property name="user.country" value="US"/>
    <property name="sun.boot.library.path" value="/usr/lib/jvm/java-21-openjdk/lib"/>
    <property name="sun.java.command" value="/home/stef/projects/under-pressure-backend/backend/target/surefire/surefirebooter-20240208134604761_3.jar /home/stef/projects/under-pressure-backend/backend/target/surefire 2024-02-08T13-46-04_658-jvmRun1 surefire-20240208134604761_1tmp surefire_0-20240208134604761_2tmp"/>
    <property name="jdk.debug" value="release"/>
    <property name="surefire.test.class.path" value="/home/stef/projects/under-pressure-backend/backend/target/test-classes:/home/stef/projects/under-pressure-backend/backend/target/classes:/home/stef/.m2/repository/org/postgresql/postgresql/42.6.0/postgresql-42.6.0.jar:/home/stef/.m2/repository/org/checkerframework/checker-qual/3.31.0/checker-qual-3.31.0.jar:/home/stef/.m2/repository/org/springframework/boot/spring-boot-starter-jdbc/3.2.2/spring-boot-starter-jdbc-3.2.2.jar:/home/stef/.m2/repository/org/springframework/boot/spring-boot-starter/3.2.2/spring-boot-starter-3.2.2.jar:/home/stef/.m2/repository/org/springframework/boot/spring-boot/3.2.2/spring-boot-3.2.2.jar:/home/stef/.m2/repository/org/springframework/boot/spring-boot-autoconfigure/3.2.2/spring-boot-autoconfigure-3.2.2.jar:/home/stef/.m2/repository/org/springframework/boot/spring-boot-starter-logging/3.2.2/spring-boot-starter-logging-3.2.2.jar:/home/stef/.m2/repository/ch/qos/logback/logback-classic/1.4.14/logback-classic-1.4.14.jar:/home/stef/.m2/repository/ch/qos/logback/logback-core/1.4.14/logback-core-1.4.14.jar:/home/stef/.m2/repository/org/apache/logging/log4j/log4j-to-slf4j/2.21.1/log4j-to-slf4j-2.21.1.jar:/home/stef/.m2/repository/org/apache/logging/log4j/log4j-api/2.21.1/log4j-api-2.21.1.jar:/home/stef/.m2/repository/org/slf4j/jul-to-slf4j/2.0.11/jul-to-slf4j-2.0.11.jar:/home/stef/.m2/repository/jakarta/annotation/jakarta.annotation-api/2.1.1/jakarta.annotation-api-2.1.1.jar:/home/stef/.m2/repository/org/yaml/snakeyaml/2.2/snakeyaml-2.2.jar:/home/stef/.m2/repository/com/zaxxer/HikariCP/5.0.1/HikariCP-5.0.1.jar:/home/stef/.m2/repository/org/slf4j/slf4j-api/2.0.11/slf4j-api-2.0.11.jar:/home/stef/.m2/repository/org/springframework/spring-jdbc/6.1.3/spring-jdbc-6.1.3.jar:/home/stef/.m2/repository/org/springframework/spring-beans/6.1.3/spring-beans-6.1.3.jar:/home/stef/.m2/repository/org/springframework/spring-tx/6.1.3/spring-tx-6.1.3.jar:/home/stef/.m2/repository/org/springframework/boot/spring-boot-starter-web/3.2.2/spring-boot-starter-web-3.2.2.jar:/home/stef/.m2/repository/org/springframework/boot/spring-boot-starter-json/3.2.2/spring-boot-starter-json-3.2.2.jar:/home/stef/.m2/repository/com/fasterxml/jackson/core/jackson-databind/2.15.3/jackson-databind-2.15.3.jar:/home/stef/.m2/repository/com/fasterxml/jackson/core/jackson-annotations/2.15.3/jackson-annotations-2.15.3.jar:/home/stef/.m2/repository/com/fasterxml/jackson/core/jackson-core/2.15.3/jackson-core-2.15.3.jar:/home/stef/.m2/repository/com/fasterxml/jackson/datatype/jackson-datatype-jdk8/2.15.3/jackson-datatype-jdk8-2.15.3.jar:/home/stef/.m2/repository/com/fasterxml/jackson/datatype/jackson-datatype-jsr310/2.15.3/jackson-datatype-jsr310-2.15.3.jar:/home/stef/.m2/repository/com/fasterxml/jackson/module/jackson-module-parameter-names/2.15.3/jackson-module-parameter-names-2.15.3.jar:/home/stef/.m2/repository/org/springframework/boot/spring-boot-starter-tomcat/3.2.2/spring-boot-starter-tomcat-3.2.2.jar:/home/stef/.m2/repository/org/apache/tomcat/embed/tomcat-embed-core/10.1.18/tomcat-embed-core-10.1.18.jar:/home/stef/.m2/repository/org/apache/tomcat/embed/tomcat-embed-el/10.1.18/tomcat-embed-el-10.1.18.jar:/home/stef/.m2/repository/org/apache/tomcat/embed/tomcat-embed-websocket/10.1.18/tomcat-embed-websocket-10.1.18.jar:/home/stef/.m2/repository/org/springframework/spring-web/6.1.3/spring-web-6.1.3.jar:/home/stef/.m2/repository/io/micrometer/micrometer-observation/1.12.2/micrometer-observation-1.12.2.jar:/home/stef/.m2/repository/io/micrometer/micrometer-commons/1.12.2/micrometer-commons-1.12.2.jar:/home/stef/.m2/repository/org/springframework/spring-webmvc/6.1.3/spring-webmvc-6.1.3.jar:/home/stef/.m2/repository/org/springframework/spring-aop/6.1.3/spring-aop-6.1.3.jar:/home/stef/.m2/repository/org/springframework/spring-context/6.1.3/spring-context-6.1.3.jar:/home/stef/.m2/repository/org/springframework/spring-expression/6.1.3/spring-expression-6.1.3.jar:/home/stef/.m2/repository/com/google/api-client/google-api-client/1.35.0/google-api-client-1.35.0.jar:/home/stef/.m2/repository/com/google/http-client/google-http-client-gson/1.41.8/google-http-client-gson-1.41.8.jar:/home/stef/.m2/repository/com/google/code/gson/gson/2.10.1/gson-2.10.1.jar:/home/stef/.m2/repository/com/google/guava/guava/31.1-jre/guava-31.1-jre.jar:/home/stef/.m2/repository/com/google/guava/failureaccess/1.0.1/failureaccess-1.0.1.jar:/home/stef/.m2/repository/com/google/guava/listenablefuture/9999.0-empty-to-avoid-conflict-with-guava/listenablefuture-9999.0-empty-to-avoid-conflict-with-guava.jar:/home/stef/.m2/repository/com/google/code/findbugs/jsr305/3.0.2/jsr305-3.0.2.jar:/home/stef/.m2/repository/com/google/errorprone/error_prone_annotations/2.11.0/error_prone_annotations-2.11.0.jar:/home/stef/.m2/repository/com/google/j2objc/j2objc-annotations/1.3/j2objc-annotations-1.3.jar:/home/stef/.m2/repository/com/google/http-client/google-http-client-apache-v2/1.41.8/google-http-client-apache-v2-1.41.8.jar:/home/stef/.m2/repository/org/apache/httpcomponents/httpcore/4.4.16/httpcore-4.4.16.jar:/home/stef/.m2/repository/org/apache/httpcomponents/httpclient/4.5.13/httpclient-4.5.13.jar:/home/stef/.m2/repository/commons-codec/commons-codec/1.16.0/commons-codec-1.16.0.jar:/home/stef/.m2/repository/com/google/http-client/google-http-client/1.41.8/google-http-client-1.41.8.jar:/home/stef/.m2/repository/io/opencensus/opencensus-api/0.31.0/opencensus-api-0.31.0.jar:/home/stef/.m2/repository/io/grpc/grpc-context/1.27.2/grpc-context-1.27.2.jar:/home/stef/.m2/repository/io/opencensus/opencensus-contrib-http-util/0.31.0/opencensus-contrib-http-util-0.31.0.jar:/home/stef/.m2/repository/com/google/oauth-client/google-oauth-client/1.35.0/google-oauth-client-1.35.0.jar:/home/stef/.m2/repository/org/springframework/boot/spring-boot-starter-test/3.2.2/spring-boot-starter-test-3.2.2.jar:/home/stef/.m2/repository/org/springframework/boot/spring-boot-test/3.2.2/spring-boot-test-3.2.2.jar:/home/stef/.m2/repository/org/springframework/boot/spring-boot-test-autoconfigure/3.2.2/spring-boot-test-autoconfigure-3.2.2.jar:/home/stef/.m2/repository/com/jayway/jsonpath/json-path/2.8.0/json-path-2.8.0.jar:/home/stef/.m2/repository/jakarta/xml/bind/jakarta.xml.bind-api/4.0.1/jakarta.xml.bind-api-4.0.1.jar:/home/stef/.m2/repository/jakarta/activation/jakarta.activation-api/2.1.2/jakarta.activation-api-2.1.2.jar:/home/stef/.m2/repository/net/minidev/json-smart/2.5.0/json-smart-2.5.0.jar:/home/stef/.m2/repository/net/minidev/accessors-smart/2.5.0/accessors-smart-2.5.0.jar:/home/stef/.m2/repository/org/ow2/asm/asm/9.3/asm-9.3.jar:/home/stef/.m2/repository/org/assertj/assertj-core/3.24.2/assertj-core-3.24.2.jar:/home/stef/.m2/repository/net/bytebuddy/byte-buddy/1.14.11/byte-buddy-1.14.11.jar:/home/stef/.m2/repository/org/awaitility/awaitility/4.2.0/awaitility-4.2.0.jar:/home/stef/.m2/repository/org/hamcrest/hamcrest/2.2/hamcrest-2.2.jar:/home/stef/.m2/repository/org/junit/jupiter/junit-jupiter/5.10.1/junit-jupiter-5.10.1.jar:/home/stef/.m2/repository/org/junit/jupiter/junit-jupiter-api/5.10.1/junit-jupiter-api-5.10.1.jar:/home/stef/.m2/repository/org/opentest4j/opentest4j/1.3.0/opentest4j-1.3.0.jar:/home/stef/.m2/repository/org/junit/platform/junit-platform-commons/1.10.1/junit-platform-commons-1.10.1.jar:/home/stef/.m2/repository/org/apiguardian/apiguardian-api/1.1.2/apiguardian-api-1.1.2.jar:/home/stef/.m2/repository/org/junit/jupiter/junit-jupiter-params/5.10.1/junit-jupiter-params-5.10.1.jar:/home/stef/.m2/repository/org/junit/jupiter/junit-jupiter-engine/5.10.1/junit-jupiter-engine-5.10.1.jar:/home/stef/.m2/repository/org/junit/platform/junit-platform-engine/1.10.1/junit-platform-engine-1.10.1.jar:/home/stef/.m2/repository/org/mockito/mockito-core/5.7.0/mockito-core-5.7.0.jar:/home/stef/.m2/repository/net/bytebuddy/byte-buddy-agent/1.14.11/byte-buddy-agent-1.14.11.jar:/home/stef/.m2/repository/org/objenesis/objenesis/3.3/objenesis-3.3.jar:/home/stef/.m2/repository/org/mockito/mockito-junit-jupiter/5.7.0/mockito-junit-jupiter-5.7.0.jar:/home/stef/.m2/repository/org/skyscreamer/jsonassert/1.5.1/jsonassert-1.5.1.jar:/home/stef/.m2/repository/com/vaadin/external/google/android-json/0.0.20131108.vaadin1/android-json-0.0.20131108.vaadin1.jar:/home/stef/.m2/repository/org/springframework/spring-core/6.1.3/spring-core-6.1.3.jar:/home/stef/.m2/repository/org/springframework/spring-jcl/6.1.3/spring-jcl-6.1.3.jar:/home/stef/.m2/repository/org/springframework/spring-test/6.1.3/spring-test-6.1.3.jar:/home/stef/.m2/repository/org/xmlunit/xmlunit-core/2.9.1/xmlunit-core-2.9.1.jar:/home/stef/.m2/repository/com/h2database/h2/2.2.224/h2-2.2.224.jar:"/>
    <property name="sun.cpu.endian" value="little"/>
    <property name="user.home" value="/home/stef"/>
    <property name="user.language" value="en"/>
    <property name="java.specification.vendor" value="Oracle Corporation"/>
    <property name="java.version.date" value="2024-01-16"/>
    <property name="java.home" value="/usr/lib/jvm/java-21-openjdk"/>
    <property name="file.separator" value="/"/>
    <property name="basedir" value="/home/stef/projects/under-pressure-backend/backend"/>
    <property name="java.vm.compressedOopsMode" value="32-bit"/>
    <property name="line.separator" value="&#10;"/>
    <property name="java.vm.specification.vendor" value="Oracle Corporation"/>
    <property name="java.specification.name" value="Java Platform API Specification"/>
    <property name="FILE_LOG_CHARSET" value="UTF-8"/>
    <property name="java.awt.headless" value="true"/>
    <property name="surefire.real.class.path" value="/home/stef/projects/under-pressure-backend/backend/target/surefire/surefirebooter-20240208134604761_3.jar"/>
    <property name="sun.management.compiler" value="HotSpot 64-Bit Tiered Compilers"/>
    <property name="java.runtime.version" value="21.0.2+13"/>
    <property name="user.name" value="stef"/>
    <property name="stdout.encoding" value="UTF-8"/>
    <property name="path.separator" value=":"/>
    <property name="os.version" value="6.7.0-arch3-1"/>
    <property name="java.runtime.name" value="OpenJDK Runtime Environment"/>
    <property name="file.encoding" value="UTF-8"/>
    <property name="java.vm.name" value="OpenJDK 64-Bit Server VM"/>
    <property name="localRepository" value="/home/stef/.m2/repository"/>
    <property name="java.vendor.url.bug" value="https://bugreport.java.com/bugreport/"/>
    <property name="java.io.tmpdir" value="/tmp"/>
    <property name="java.version" value="21.0.2"/>
    <property name="user.dir" value="/home/stef/projects/under-pressure-backend/backend"/>
    <property name="os.arch" value="amd64"/>
    <property name="java.vm.specification.name" value="Java Virtual Machine Specification"/>
    <property name="PID" value="157082"/>
    <property name="CONSOLE_LOG_CHARSET" value="UTF-8"/>
    <property name="native.encoding" value="UTF-8"/>
    <property name="java.library.path" value="/usr/java/packages/lib:/usr/lib64:/lib64:/lib:/usr/lib"/>
    <property name="java.vm.info" value="mixed mode, sharing"/>
    <property name="stderr.encoding" value="UTF-8"/>
    <property name="java.vendor" value="N/A"/>
    <property name="java.vm.version" value="21.0.2+13"/>
    <property name="sun.io.unicode.encoding" value="UnicodeLittle"/>
    <property name="java.class.version" value="65.0"/>
  </properties>
  <testcase name="Should_Authenticate" classname="com.underpressure.backend.controllers.web.AuthenticationControllerTests" time="0.015">
    <system-out><![CDATA[2024-02-08T13:46:08.998+02:00  INFO 157082 --- [           main] t.c.s.AnnotationConfigContextLoaderUtils : Could not detect default configuration classes for test class [com.underpressure.backend.controllers.web.AuthenticationControllerTests]: AuthenticationControllerTests does not declare any static, non-private, non-final, nested classes annotated with @Configuration.
2024-02-08T13:46:09.015+02:00  INFO 157082 --- [           main] .b.t.c.SpringBootTestContextBootstrapper : Found @SpringBootConfiguration com.underpressure.backend.BackendApplication for test class com.underpressure.backend.controllers.web.AuthenticationControllerTests

  .   ____          _            __ _ _
 /\\ / ___'_ __ _ _(_)_ __  __ _ \ \ \ \
( ( )\___ | '_ | '_| | '_ \/ _` | \ \ \ \
 \\/  ___)| |_)| | | | | || (_| |  ) ) ) )
  '  |____| .__|_| |_|_| |_\__, | / / / /
 =========|_|==============|___/=/_/_/_/
 :: Spring Boot ::                (v3.2.2)

2024-02-08T13:46:09.070+02:00  INFO 157082 --- [           main] c.u.b.c.w.AuthenticationControllerTests  : Starting AuthenticationControllerTests using Java 21.0.2 with PID 157082 (started by stef in /home/stef/projects/under-pressure-backend/backend)
2024-02-08T13:46:09.071+02:00  INFO 157082 --- [           main] c.u.b.c.w.AuthenticationControllerTests  : No active profile set, falling back to 1 default profile: "default"
2024-02-08T13:46:09.410+02:00  INFO 157082 --- [           main] o.s.b.t.m.w.SpringBootMockServletContext : Initializing Spring TestDispatcherServlet ''
2024-02-08T13:46:09.410+02:00  INFO 157082 --- [           main] o.s.t.web.servlet.TestDispatcherServlet  : Initializing Servlet ''
2024-02-08T13:46:09.411+02:00  INFO 157082 --- [           main] o.s.t.web.servlet.TestDispatcherServlet  : Completed initialization in 1 ms
2024-02-08T13:46:09.417+02:00  INFO 157082 --- [           main] c.u.b.c.w.AuthenticationControllerTests  : Started AuthenticationControllerTests in 0.395 seconds (process running for 4.526)
]]></system-out>
  </testcase>
</testsuite>